2015.11.24 16:45:35 INFO   es[o.s.p.ProcessEntryPoint]  Starting search
2015.11.24 16:45:35 INFO   es[o.s.s.SearchServer]  Starting Elasticsearch[sonarqube] on port 9001
2015.11.24 16:45:35 INFO   es[o.elasticsearch.node]  [sonar-1448383534971] version[1.4.4], pid[17], build[c88f77f/2015-02-19T13:05:36Z]
2015.11.24 16:45:35 INFO   es[o.elasticsearch.node]  [sonar-1448383534971] initializing ...
2015.11.24 16:45:35 INFO   es[o.e.plugins]  [sonar-1448383534971] loaded [], sites []
2015.11.24 16:45:37 INFO   es[o.elasticsearch.node]  [sonar-1448383534971] initialized
2015.11.24 16:45:37 INFO   es[o.elasticsearch.node]  [sonar-1448383534971] starting ...
2015.11.24 16:45:37 INFO   es[o.e.transport]  [sonar-1448383534971] bound_address {inet[/0.0.0.0:9001]}, publish_address {inet[/172.17.0.7:9001]}
2015.11.24 16:45:37 INFO   es[o.e.discovery]  [sonar-1448383534971] sonarqube/C-9nvYTMQUeuKJezx5Tcag
2015.11.24 16:45:40 INFO   es[o.e.cluster.service]  [sonar-1448383534971] new_master [sonar-1448383534971][C-9nvYTMQUeuKJezx5Tcag][ff954f652437][inet[/172.17.0.7:9001]]{rack_id=sonar-1448383534971}, reason: zen-disco-join (elected_as_master)
2015.11.24 16:45:40 INFO   es[o.elasticsearch.node]  [sonar-1448383534971] started
2015.11.24 16:45:40 INFO   es[o.e.gateway]  [sonar-1448383534971] recovered [0] indices into cluster_state
OpenJDK 64-Bit Server VM warning: ignoring option MaxPermSize=160m; support was removed in 8.0
2015.11.24 16:45:41 INFO  web[o.s.p.ProcessEntryPoint] Starting web
2015.11.24 16:45:41 INFO  web[o.s.s.app.Webapp] Webapp directory: /opt/sonarqube/web
2015.11.24 16:45:42 INFO  web[o.a.c.h.Http11NioProtocol] Initializing ProtocolHandler ["http-nio-0.0.0.0-9000"]
2015.11.24 16:45:42 INFO  web[o.a.t.u.n.NioSelectorPool] Using a shared selector for servlet write/read
2015.11.24 16:45:42 INFO  web[o.e.plugins] [sonar-1448383534971] loaded [], sites []
2015.11.24 16:45:43 INFO  web[o.s.s.p.ServerImpl] SonarQube Server / 5.1 / 4aa9af3a6a4362b61db365fba32eb0a55d411e7a
2015.11.24 16:45:44 INFO  web[o.s.s.d.EmbeddedDatabase] Starting embedded database on port 9092 with url jdbc:h2:tcp://localhost:9092/sonar
2015.11.24 16:45:44 INFO  web[o.s.s.d.EmbeddedDatabase] Embedded database started. Data stored in: /opt/sonarqube/data
2015.11.24 16:45:44 INFO  web[o.s.c.p.Database] Create JDBC datasource for jdbc:h2:tcp://localhost:9092/sonar
2015.11.24 16:45:44 WARN  web[o.s.s.d.DatabaseChecker] H2 database should be used for evaluation purpose only
2015.11.24 16:45:45 INFO  web[o.s.s.p.DefaultServerFileSystem] SonarQube home: /opt/sonarqube
2015.11.24 16:45:45 INFO   es[o.e.cluster.metadata]  [sonar-1448383534971] [rules] creating index, cause [api], shards [1]/[0], mappings []
2015.11.24 16:45:45 INFO   es[o.e.cluster.metadata]  [sonar-1448383534971] [rules] create_mapping [rule]
2015.11.24 16:45:45 INFO   es[o.e.cluster.metadata]  [sonar-1448383534971] [rules] create_mapping [activeRule]
2015.11.24 16:45:45 INFO  web[o.s.s.p.ServerPluginJarsInstaller] Install plugins
2015.11.24 16:45:45 INFO  web[o.s.s.p.ServerPluginJarsInstaller] Deploy plugin Core / 5.1 / 4aa9af3a6a4362b61db365fba32eb0a55d411e7a
2015.11.24 16:45:45 INFO  web[o.s.s.p.ServerPluginJarsInstaller] Deploy plugin Email notifications / 5.1 / 4aa9af3a6a4362b61db365fba32eb0a55d411e7a
2015.11.24 16:45:45 INFO  web[o.s.s.p.ServerPluginJarsInstaller] Deploy plugin Java / 3.0 / 65396a609ddface8b311a6a665aca92a7da694f1
2015.11.24 16:45:45 INFO  web[o.s.s.p.ServerPluginJarsInstaller] Deploy plugin Git / 1.0 / 9ce9d330c313c296fab051317cc5ad4b26319e07
2015.11.24 16:45:46 INFO  web[o.s.s.p.ServerPluginJarsInstaller] Deploy plugin English Pack / 5.1 / 4aa9af3a6a4362b61db365fba32eb0a55d411e7a
2015.11.24 16:45:46 INFO  web[o.s.s.p.ServerPluginJarsInstaller] Deploy plugin SVN / 1.0 / 213fc8a8b582ff530b12dd4a59a6512be1071234
2015.11.24 16:45:46 INFO  web[o.s.s.d.m.DatabaseMigrator] Create database
2015.11.24 16:45:46 INFO  web[o.s.s.p.RailsAppsDeployer] Deploy Ruby on Rails applications
2015.11.24 16:45:46 INFO  web[o.s.j.s.AbstractDatabaseConnector] Initializing Hibernate
2015.11.24 16:45:47 INFO  web[o.s.s.p.UpdateCenterClient] Update center: http://update.sonarsource.org/update-center.properties (no proxy)
2015.11.24 16:45:47 INFO  web[o.s.s.e.IndexCreator] Create index sourcelines
2015.11.24 16:45:47 INFO   es[o.e.cluster.metadata]  [sonar-1448383534971] [sourcelines] creating index, cause [api], shards [1]/[0], mappings []
2015.11.24 16:45:48 INFO  web[o.s.s.e.IndexCreator] Create type sourcelines/sourceline
2015.11.24 16:45:48 INFO   es[o.e.cluster.metadata]  [sonar-1448383534971] [sourcelines] create_mapping [sourceline]
2015.11.24 16:45:48 INFO  web[o.s.s.e.IndexCreator] Create index activities
2015.11.24 16:45:48 INFO   es[o.e.cluster.metadata]  [sonar-1448383534971] [activities] creating index, cause [api], shards [1]/[0], mappings []
2015.11.24 16:45:48 INFO  web[o.s.s.e.IndexCreator] Create type activities/activity
2015.11.24 16:45:48 INFO   es[o.e.cluster.metadata]  [sonar-1448383534971] [activities] create_mapping [activity]
2015.11.24 16:45:48 INFO  web[o.s.s.e.IndexCreator] Create index issues
2015.11.24 16:45:48 INFO   es[o.e.cluster.metadata]  [sonar-1448383534971] [issues] creating index, cause [api], shards [1]/[0], mappings []
2015.11.24 16:45:48 INFO  web[o.s.s.e.IndexCreator] Create type issues/authorization
2015.11.24 16:45:48 INFO   es[o.e.cluster.metadata]  [sonar-1448383534971] [issues] create_mapping [authorization]
2015.11.24 16:45:48 INFO  web[o.s.s.e.IndexCreator] Create type issues/issue
2015.11.24 16:45:48 INFO   es[o.e.cluster.metadata]  [sonar-1448383534971] [issues] create_mapping [issue]
2015.11.24 16:45:48 INFO  web[o.s.s.e.IndexCreator] Create index users
2015.11.24 16:45:48 INFO   es[o.e.cluster.metadata]  [sonar-1448383534971] [users] creating index, cause [api], shards [1]/[0], mappings []
2015.11.24 16:45:48 INFO  web[o.s.s.e.IndexCreator] Create type users/user
2015.11.24 16:45:48 INFO   es[o.e.cluster.metadata]  [sonar-1448383534971] [users] create_mapping [user]
2015.11.24 16:45:48 INFO  web[o.s.s.e.IndexCreator] Create index views
2015.11.24 16:45:48 INFO   es[o.e.cluster.metadata]  [sonar-1448383534971] [views] creating index, cause [api], shards [1]/[0], mappings []
2015.11.24 16:45:49 INFO  web[o.s.s.e.IndexCreator] Create type views/view
2015.11.24 16:45:49 INFO   es[o.e.cluster.metadata]  [sonar-1448383534971] [views] create_mapping [view]
2015.11.24 16:45:49 INFO  web[o.s.s.n.NotificationService] Notification service started (delay 60 sec.)
2015.11.24 16:45:49 INFO  web[o.s.s.s.IndexSynchronizer] Index rules
2015.11.24 16:45:49 INFO  web[o.s.s.s.IndexSynchronizer] Index activeRules
2015.11.24 16:45:49 INFO  web[o.s.s.s.RegisterMetrics] Register metrics
2015.11.24 16:45:49 INFO  web[o.s.p.StopWatcher] Stopping process
2015.11.24 16:45:50 INFO  web[o.s.s.s.RegisterMetrics] Cleaning quality gate conditions
2015.11.24 16:45:50 INFO  web[o.s.s.s.RegisterDebtModel] Register technical debt model
2015.11.24 16:45:50 INFO  web[o.s.s.r.RegisterRules] Register rules
2015.11.24 16:45:54 INFO  web[o.s.s.q.RegisterQualityProfiles] Register quality profiles
2015.11.24 16:45:54 INFO  web[o.s.s.q.RegisterQualityProfiles] Register profile {lang=java, name=Sonar way}
2015.11.24 16:45:56 INFO  web[o.s.s.q.RegisterQualityProfiles] Set default java profile: Sonar way
2015.11.24 16:45:56 INFO  web[o.s.s.s.RegisterNewMeasureFilters] Register measure filters
2015.11.24 16:45:56 INFO  web[o.s.s.s.RegisterNewMeasureFilters] Register measure filter: Projects
2015.11.24 16:45:56 INFO  web[o.s.s.s.RegisterNewMeasureFilters] Register measure filter: My favourites
2015.11.24 16:45:56 INFO  web[o.s.s.s.RegisterDashboards] Register dashboards
2015.11.24 16:45:57 INFO  web[o.s.s.s.RegisterDashboards] Register dashboard: Dashboard
2015.11.24 16:45:57 INFO  web[o.s.s.s.RegisterDashboards] Register dashboard: Home
2015.11.24 16:45:57 INFO  web[o.s.s.s.RegisterDashboards] Register dashboard: Issues
2015.11.24 16:45:57 INFO  web[o.s.s.s.RegisterDashboards] Register dashboard: TimeMachine
2015.11.24 16:45:57 INFO  web[o.s.s.s.RegisterPermissionTemplates] Register permission templates
2015.11.24 16:45:57 INFO  web[o.s.s.s.RegisterPermissionTemplates] Set default permission template: default_template
2015.11.24 16:45:57 INFO  web[o.s.s.s.RenameDeprecatedPropertyKeys] Rename deprecated property keys
2015.11.24 16:45:57 INFO  web[o.s.s.s.CopyRequirementsFromCharacteristicsToRules] Copying requirement from characteristics to rules
2015.11.24 16:45:57 INFO  web[o.s.s.s.CopyRequirementsFromCharacteristicsToRules] No requirement need to be copied
2015.11.24 16:45:57 INFO  web[o.s.s.s.CopyRequirementsFromCharacteristicsToRules] Deleting requirements from characteristics
2015.11.24 16:45:57 INFO  web[o.s.s.s.IndexSynchronizer] Index activities
2015.11.24 16:45:57 INFO   es[o.e.cluster.metadata]  [sonar-1448383534971] [activities] update_mapping [activity] (dynamic)
2015.11.24 16:45:57 INFO  web[o.s.s.s.IndexSynchronizer] Index issues
2015.11.24 16:45:57 INFO  web[o.s.s.s.IndexSynchronizer] Index source lines
2015.11.24 16:45:57 INFO  web[o.s.s.s.IndexSynchronizer] Index users
2015.11.24 16:45:57 INFO  web[o.s.s.s.IndexSynchronizer] Index views
2015.11.24 16:45:57 INFO  web[jruby.rack] jruby 1.7.9 (ruby-1.8.7p370) 2013-12-06 87b108a on OpenJDK 64-Bit Server VM 1.8.0_45-internal-b14 [linux-amd64]
2015.11.24 16:45:57 INFO  web[jruby.rack] using a shared (threadsafe!) runtime
2015.11.24 16:46:07 INFO  web[jruby.rack] keeping custom (config.logger) Rails logger instance
2015.11.24 16:46:07 INFO  web[o.a.c.h.Http11NioProtocol] Starting ProtocolHandler ["http-nio-0.0.0.0-9000"]
2015.11.24 16:46:07 INFO  web[o.s.s.a.TomcatAccessLog] Web server is started
2015.11.24 16:46:07 INFO  web[o.a.c.h.Http11NioProtocol] Pausing ProtocolHandler ["http-nio-0.0.0.0-9000"]
2015.11.24 16:46:07 INFO  web[o.s.s.a.EmbeddedTomcat] HTTP connector enabled on port 9000
2015.11.24 16:46:07 INFO  web[o.s.s.n.NotificationService] Notification service stopped
2015.11.24 16:46:07 INFO  web[o.s.s.d.EmbeddedDatabase] Embedded database stopped
2015.11.24 16:46:07 INFO  web[o.a.c.h.Http11NioProtocol] Stopping ProtocolHandler ["http-nio-0.0.0.0-9000"]
2015.11.24 16:46:07 INFO  web[o.a.c.h.Http11NioProtocol] Destroying ProtocolHandler ["http-nio-0.0.0.0-9000"]
2015.11.24 16:46:07 INFO  web[o.s.s.a.TomcatAccessLog] Web server is stopped
2015.11.24 16:46:07 INFO   es[o.s.p.StopWatcher]  Stopping process
2015.11.24 16:46:07 INFO   es[o.elasticsearch.node]  [sonar-1448383534971] stopping ...
2015.11.24 16:46:07 INFO   es[o.elasticsearch.node]  [sonar-1448383534971] stopped
2015.11.24 16:46:07 INFO   es[o.elasticsearch.node]  [sonar-1448383534971] closing ...
2015.11.24 16:46:07 INFO   es[o.elasticsearch.node]  [sonar-1448383534971] closed
2015.11.24 16:51:35 INFO   es[o.s.p.ProcessEntryPoint]  Starting search
2015.11.24 16:51:35 INFO   es[o.s.s.SearchServer]  Starting Elasticsearch[sonarqube] on port 9001
2015.11.24 16:51:36 INFO   es[o.elasticsearch.node]  [sonar-1448383895189] version[1.4.4], pid[17], build[c88f77f/2015-02-19T13:05:36Z]
2015.11.24 16:51:36 INFO   es[o.elasticsearch.node]  [sonar-1448383895189] initializing ...
2015.11.24 16:51:36 INFO   es[o.e.plugins]  [sonar-1448383895189] loaded [], sites []
2015.11.24 16:51:37 INFO   es[o.elasticsearch.node]  [sonar-1448383895189] initialized
2015.11.24 16:51:37 INFO   es[o.elasticsearch.node]  [sonar-1448383895189] starting ...
2015.11.24 16:51:37 INFO   es[o.e.transport]  [sonar-1448383895189] bound_address {inet[/0.0.0.0:9001]}, publish_address {inet[/172.17.0.7:9001]}
2015.11.24 16:51:37 INFO   es[o.e.discovery]  [sonar-1448383895189] sonarqube/spiBLT7CQueIF2ntoVgRLg
2015.11.24 16:51:41 INFO   es[o.e.cluster.service]  [sonar-1448383895189] new_master [sonar-1448383895189][spiBLT7CQueIF2ntoVgRLg][bc96a165348f][inet[/172.17.0.7:9001]]{rack_id=sonar-1448383895189}, reason: zen-disco-join (elected_as_master)
2015.11.24 16:51:41 INFO   es[o.elasticsearch.node]  [sonar-1448383895189] started
2015.11.24 16:51:41 INFO   es[o.e.gateway]  [sonar-1448383895189] recovered [0] indices into cluster_state
OpenJDK 64-Bit Server VM warning: ignoring option MaxPermSize=160m; support was removed in 8.0
2015.11.24 16:51:41 INFO  web[o.s.p.ProcessEntryPoint] Starting web
2015.11.24 16:51:42 INFO  web[o.s.s.app.Webapp] Webapp directory: /opt/sonarqube/web
2015.11.24 16:51:42 INFO  web[o.a.c.h.Http11NioProtocol] Initializing ProtocolHandler ["http-nio-0.0.0.0-9000"]
2015.11.24 16:51:42 INFO  web[o.a.t.u.n.NioSelectorPool] Using a shared selector for servlet write/read
2015.11.24 16:51:43 INFO  web[o.e.plugins] [sonar-1448383895189] loaded [], sites []
2015.11.24 16:51:43 INFO  web[o.s.s.p.ServerImpl] SonarQube Server / 5.1 / 4aa9af3a6a4362b61db365fba32eb0a55d411e7a
2015.11.24 16:51:43 INFO  web[o.s.c.p.Database] Create JDBC datasource for jdbc:mysql://localhost:9092/sonar?useUnicode=true&characterEncoding=utf8&rewriteBatchedStatements=true
2015.11.24 16:51:44 ERROR web[o.a.c.c.C.[.[.[/]] Exception sending context initialized event to listener instance of class org.sonar.server.platform.PlatformServletContextListener
java.lang.IllegalStateException: Can not connect to database. Please check connectivity and settings (see the properties prefixed by 'sonar.jdbc.').
	at org.sonar.core.persistence.DefaultDatabase.checkConnection(DefaultDatabase.java:117) ~[sonar-core-5.1.jar:na]
	at org.sonar.core.persistence.DefaultDatabase.start(DefaultDatabase.java:73) ~[sonar-core-5.1.jar:na]
	at sun.reflect.NativeMethodAccessorImpl.invoke0(Native Method) ~[na:1.8.0_45-internal]
	at sun.reflect.NativeMethodAccessorImpl.invoke(NativeMethodAccessorImpl.java:62) ~[na:1.8.0_45-internal]
	at sun.reflect.DelegatingMethodAccessorImpl.invoke(DelegatingMethodAccessorImpl.java:43) ~[na:1.8.0_45-internal]
	at java.lang.reflect.Method.invoke(Method.java:497) ~[na:1.8.0_45-internal]
	at org.picocontainer.lifecycle.ReflectionLifecycleStrategy.invokeMethod(ReflectionLifecycleStrategy.java:110) ~[picocontainer-2.14.3.jar:na]
	at org.picocontainer.lifecycle.ReflectionLifecycleStrategy.start(ReflectionLifecycleStrategy.java:89) ~[picocontainer-2.14.3.jar:na]
	at org.picocontainer.injectors.AbstractInjectionFactory$LifecycleAdapter.start(AbstractInjectionFactory.java:84) ~[picocontainer-2.14.3.jar:na]
	at org.picocontainer.behaviors.AbstractBehavior.start(AbstractBehavior.java:169) ~[picocontainer-2.14.3.jar:na]
	at org.picocontainer.behaviors.Stored$RealComponentLifecycle.start(Stored.java:132) ~[picocontainer-2.14.3.jar:na]
	at org.picocontainer.behaviors.Stored.start(Stored.java:110) ~[picocontainer-2.14.3.jar:na]
	at org.picocontainer.DefaultPicoContainer.potentiallyStartAdapter(DefaultPicoContainer.java:1015) ~[picocontainer-2.14.3.jar:na]
	at org.picocontainer.DefaultPicoContainer.startAdapters(DefaultPicoContainer.java:1008) ~[picocontainer-2.14.3.jar:na]
	at org.picocontainer.DefaultPicoContainer.start(DefaultPicoContainer.java:766) ~[picocontainer-2.14.3.jar:na]
	at org.sonar.api.platform.ComponentContainer.startComponents(ComponentContainer.java:91) ~[sonar-plugin-api-5.1.jar:na]
	at org.sonar.server.platform.Platform.startLevel1Container(Platform.java:96) ~[sonar-server-5.1.jar:na]
	at org.sonar.server.platform.Platform.init(Platform.java:72) ~[sonar-server-5.1.jar:na]
	at org.sonar.server.platform.PlatformServletContextListener.contextInitialized(PlatformServletContextListener.java:43) ~[sonar-server-5.1.jar:na]
	at org.apache.catalina.core.StandardContext.listenerStart(StandardContext.java:4720) [tomcat-embed-core-8.0.18.jar:8.0.18]
	at org.apache.catalina.core.StandardContext.startInternal(StandardContext.java:5154) [tomcat-embed-core-8.0.18.jar:8.0.18]
	at org.apache.catalina.util.LifecycleBase.start(LifecycleBase.java:150) [tomcat-embed-core-8.0.18.jar:8.0.18]
	at org.apache.catalina.core.ContainerBase$StartChild.call(ContainerBase.java:1409) [tomcat-embed-core-8.0.18.jar:8.0.18]
	at org.apache.catalina.core.ContainerBase$StartChild.call(ContainerBase.java:1399) [tomcat-embed-core-8.0.18.jar:8.0.18]
	at java.util.concurrent.FutureTask.run(FutureTask.java:266) [na:1.8.0_45-internal]
	at java.util.concurrent.ThreadPoolExecutor.runWorker(ThreadPoolExecutor.java:1142) [na:1.8.0_45-internal]
	at java.util.concurrent.ThreadPoolExecutor$Worker.run(ThreadPoolExecutor.java:617) [na:1.8.0_45-internal]
	at java.lang.Thread.run(Thread.java:745) [na:1.8.0_45-internal]
Caused by: org.apache.commons.dbcp.SQLNestedException: Cannot create PoolableConnectionFactory (Communications link failure

The last packet sent successfully to the server was 0 milliseconds ago. The driver has not received any packets from the server.)
	at org.apache.commons.dbcp.BasicDataSource.createPoolableConnectionFactory(BasicDataSource.java:1549) ~[commons-dbcp-1.4.jar:1.4]
	at org.apache.commons.dbcp.BasicDataSource.createDataSource(BasicDataSource.java:1388) ~[commons-dbcp-1.4.jar:1.4]
	at org.apache.commons.dbcp.BasicDataSource.getConnection(BasicDataSource.java:1044) ~[commons-dbcp-1.4.jar:1.4]
	at org.sonar.core.persistence.DefaultDatabase.checkConnection(DefaultDatabase.java:115) ~[sonar-core-5.1.jar:na]
	... 27 common frames omitted
Caused by: com.mysql.jdbc.exceptions.jdbc4.CommunicationsException: Communications link failure

The last packet sent successfully to the server was 0 milliseconds ago. The driver has not received any packets from the server.
	at sun.reflect.NativeConstructorAccessorImpl.newInstance0(Native Method) ~[na:1.8.0_45-internal]
	at sun.reflect.NativeConstructorAccessorImpl.newInstance(NativeConstructorAccessorImpl.java:62) ~[na:1.8.0_45-internal]
	at sun.reflect.DelegatingConstructorAccessorImpl.newInstance(DelegatingConstructorAccessorImpl.java:45) ~[na:1.8.0_45-internal]
	at java.lang.reflect.Constructor.newInstance(Constructor.java:422) ~[na:1.8.0_45-internal]
	at com.mysql.jdbc.Util.handleNewInstance(Util.java:377) ~[mysql-connector-java-5.1.34.jar:5.1.34]
	at com.mysql.jdbc.SQLError.createCommunicationsException(SQLError.java:1036) ~[mysql-connector-java-5.1.34.jar:5.1.34]
	at com.mysql.jdbc.MysqlIO.<init>(MysqlIO.java:338) ~[mysql-connector-java-5.1.34.jar:5.1.34]
	at com.mysql.jdbc.ConnectionImpl.coreConnect(ConnectionImpl.java:2232) ~[mysql-connector-java-5.1.34.jar:5.1.34]
	at com.mysql.jdbc.ConnectionImpl.connectOneTryOnly(ConnectionImpl.java:2265) ~[mysql-connector-java-5.1.34.jar:5.1.34]
	at com.mysql.jdbc.ConnectionImpl.createNewIO(ConnectionImpl.java:2064) ~[mysql-connector-java-5.1.34.jar:5.1.34]
	at com.mysql.jdbc.ConnectionImpl.<init>(ConnectionImpl.java:790) ~[mysql-connector-java-5.1.34.jar:5.1.34]
	at com.mysql.jdbc.JDBC4Connection.<init>(JDBC4Connection.java:44) ~[mysql-connector-java-5.1.34.jar:5.1.34]
	at sun.reflect.NativeConstructorAccessorImpl.newInstance0(Native Method) ~[na:1.8.0_45-internal]
	at sun.reflect.NativeConstructorAccessorImpl.newInstance(NativeConstructorAccessorImpl.java:62) ~[na:1.8.0_45-internal]
	at sun.reflect.DelegatingConstructorAccessorImpl.newInstance(DelegatingConstructorAccessorImpl.java:45) ~[na:1.8.0_45-internal]
	at java.lang.reflect.Constructor.newInstance(Constructor.java:422) ~[na:1.8.0_45-internal]
	at com.mysql.jdbc.Util.handleNewInstance(Util.java:377) ~[mysql-connector-java-5.1.34.jar:5.1.34]
	at com.mysql.jdbc.ConnectionImpl.getInstance(ConnectionImpl.java:395) ~[mysql-connector-java-5.1.34.jar:5.1.34]
	at com.mysql.jdbc.NonRegisteringDriver.connect(NonRegisteringDriver.java:325) ~[mysql-connector-java-5.1.34.jar:5.1.34]
	at org.apache.commons.dbcp.DriverConnectionFactory.createConnection(DriverConnectionFactory.java:38) ~[commons-dbcp-1.4.jar:1.4]
	at org.apache.commons.dbcp.PoolableConnectionFactory.makeObject(PoolableConnectionFactory.java:582) ~[commons-dbcp-1.4.jar:1.4]
	at org.apache.commons.dbcp.BasicDataSource.validateConnectionFactory(BasicDataSource.java:1556) ~[commons-dbcp-1.4.jar:1.4]
	at org.apache.commons.dbcp.BasicDataSource.createPoolableConnectionFactory(BasicDataSource.java:1545) ~[commons-dbcp-1.4.jar:1.4]
	... 30 common frames omitted
Caused by: java.net.ConnectException: Connection refused
	at java.net.PlainSocketImpl.socketConnect(Native Method) ~[na:1.8.0_45-internal]
	at java.net.AbstractPlainSocketImpl.doConnect(AbstractPlainSocketImpl.java:345) ~[na:1.8.0_45-internal]
	at java.net.AbstractPlainSocketImpl.connectToAddress(AbstractPlainSocketImpl.java:206) ~[na:1.8.0_45-internal]
	at java.net.AbstractPlainSocketImpl.connect(AbstractPlainSocketImpl.java:188) ~[na:1.8.0_45-internal]
	at java.net.SocksSocketImpl.connect(SocksSocketImpl.java:392) ~[na:1.8.0_45-internal]
	at java.net.Socket.connect(Socket.java:589) ~[na:1.8.0_45-internal]
	at com.mysql.jdbc.StandardSocketFactory.connect(StandardSocketFactory.java:213) ~[mysql-connector-java-5.1.34.jar:5.1.34]
	at com.mysql.jdbc.MysqlIO.<init>(MysqlIO.java:297) ~[mysql-connector-java-5.1.34.jar:5.1.34]
	... 46 common frames omitted
2015.11.24 16:51:44 INFO  web[jruby.rack] jruby 1.7.9 (ruby-1.8.7p370) 2013-12-06 87b108a on OpenJDK 64-Bit Server VM 1.8.0_45-internal-b14 [linux-amd64]
2015.11.24 16:51:44 INFO  web[jruby.rack] using a shared (threadsafe!) runtime
2015.11.24 16:51:49 ERROR web[jruby.rack] initialization failed
org.jruby.rack.RackInitializationException: java.lang.NullPointerException
	at org.jruby.rack.RackInitializationException.wrap(RackInitializationException.java:31) ~[jruby-rack-1.1.13.2.jar:na]
	at org.jruby.rack.RackApplicationFactoryDecorator.init(RackApplicationFactoryDecorator.java:98) ~[jruby-rack-1.1.13.2.jar:na]
	at org.jruby.rack.RackServletContextListener.contextInitialized(RackServletContextListener.java:50) ~[jruby-rack-1.1.13.2.jar:na]
	at org.apache.catalina.core.StandardContext.listenerStart(StandardContext.java:4720) [tomcat-embed-core-8.0.18.jar:8.0.18]
	at org.apache.catalina.core.StandardContext.startInternal(StandardContext.java:5154) [tomcat-embed-core-8.0.18.jar:8.0.18]
	at org.apache.catalina.util.LifecycleBase.start(LifecycleBase.java:150) [tomcat-embed-core-8.0.18.jar:8.0.18]
	at org.apache.catalina.core.ContainerBase$StartChild.call(ContainerBase.java:1409) [tomcat-embed-core-8.0.18.jar:8.0.18]
	at org.apache.catalina.core.ContainerBase$StartChild.call(ContainerBase.java:1399) [tomcat-embed-core-8.0.18.jar:8.0.18]
	at java.util.concurrent.FutureTask.run(FutureTask.java:266) [na:1.8.0_45-internal]
	at java.util.concurrent.ThreadPoolExecutor.runWorker(ThreadPoolExecutor.java:1142) [na:1.8.0_45-internal]
	at java.util.concurrent.ThreadPoolExecutor$Worker.run(ThreadPoolExecutor.java:617) [na:1.8.0_45-internal]
	at java.lang.Thread.run(Thread.java:745) [na:1.8.0_45-internal]
Caused by: java.lang.NullPointerException: null
	at org.sonar.server.ui.JRubyFacade.get(JRubyFacade.java:77) ~[sonar-server-5.1.jar:na]
	at org.sonar.server.ui.JRubyFacade.getDatabase(JRubyFacade.java:209) ~[sonar-server-5.1.jar:na]
	at sun.reflect.NativeMethodAccessorImpl.invoke0(Native Method) ~[na:1.8.0_45-internal]
	at sun.reflect.NativeMethodAccessorImpl.invoke(NativeMethodAccessorImpl.java:62) ~[na:1.8.0_45-internal]
	at sun.reflect.DelegatingMethodAccessorImpl.invoke(DelegatingMethodAccessorImpl.java:43) ~[na:1.8.0_45-internal]
	at java.lang.reflect.Method.invoke(Method.java:497) ~[na:1.8.0_45-internal]
	at org.jruby.javasupport.JavaMethod.invokeDirectWithExceptionHandling(JavaMethod.java:440) ~[jruby-complete-1.7.9.jar:na]
	at org.jruby.javasupport.JavaMethod.invokeDirect(JavaMethod.java:304) ~[jruby-complete-1.7.9.jar:na]
	at org.jruby.java.invokers.InstanceMethodInvoker.call(InstanceMethodInvoker.java:52) ~[jruby-complete-1.7.9.jar:na]
	at org.jruby.runtime.callsite.CachingCallSite.cacheAndCall(CachingCallSite.java:306) ~[jruby-complete-1.7.9.jar:na]
	at org.jruby.runtime.callsite.CachingCallSite.call(CachingCallSite.java:136) ~[jruby-complete-1.7.9.jar:na]
	at org.jruby.ast.CallNoArgNode.interpret(CallNoArgNode.java:60) ~[jruby-complete-1.7.9.jar:na]
	at org.jruby.ast.CallNoArgNode.interpret(CallNoArgNode.java:60) ~[jruby-complete-1.7.9.jar:na]
	at org.jruby.ast.CallNoArgNode.interpret(CallNoArgNode.java:60) ~[jruby-complete-1.7.9.jar:na]
	at org.jruby.ast.NewlineNode.interpret(NewlineNode.java:105) ~[jruby-complete-1.7.9.jar:na]
	at org.jruby.ast.CallNoArgNode.interpret(CallNoArgNode.java:60) ~[jruby-complete-1.7.9.jar:na]
	at org.jruby.ast.CallOneArgNode.interpret(CallOneArgNode.java:57) ~[jruby-complete-1.7.9.jar:na]
	at org.jruby.ast.NewlineNode.interpret(NewlineNode.java:105) ~[jruby-complete-1.7.9.jar:na]
	at org.jruby.ast.BlockNode.interpret(BlockNode.java:71) ~[jruby-complete-1.7.9.jar:na]
	at org.jruby.ast.RootNode.interpret(RootNode.java:129) ~[jruby-complete-1.7.9.jar:na]
	at org.jruby.evaluator.ASTInterpreter.INTERPRET_EVAL(ASTInterpreter.java:95) ~[jruby-complete-1.7.9.jar:na]
	at org.jruby.evaluator.ASTInterpreter.evalWithBinding(ASTInterpreter.java:184) ~[jruby-complete-1.7.9.jar:na]
	at org.jruby.RubyKernel.evalCommon(RubyKernel.java:1156) ~[jruby-complete-1.7.9.jar:na]
	at org.jruby.RubyKernel.eval(RubyKernel.java:1114) ~[jruby-complete-1.7.9.jar:na]
	at org.jruby.RubyKernel$INVOKER$s$0$3$eval.call(RubyKernel$INVOKER$s$0$3$eval.gen) ~[jruby-complete-1.7.9.jar:na]
	at org.jruby.internal.runtime.methods.DynamicMethod.call(DynamicMethod.java:180) ~[jruby-complete-1.7.9.jar:na]
	at org.jruby.runtime.callsite.CachingCallSite.cacheAndCall(CachingCallSite.java:296) ~[jruby-complete-1.7.9.jar:na]
	at org.jruby.runtime.callsite.CachingCallSite.call(CachingCallSite.java:72) ~[jruby-complete-1.7.9.jar:na]
	at org.jruby.ast.FCallManyArgsNode.interpret(FCallManyArgsNode.java:60) ~[jruby-complete-1.7.9.jar:na]
	at org.jruby.ast.NewlineNode.interpret(NewlineNode.java:105) ~[jruby-complete-1.7.9.jar:na]
	at org.jruby.ast.IfNode.interpret(IfNode.java:118) ~[jruby-complete-1.7.9.jar:na]
	at org.jruby.ast.NewlineNode.interpret(NewlineNode.java:105) ~[jruby-complete-1.7.9.jar:na]
	at org.jruby.evaluator.ASTInterpreter.INTERPRET_METHOD(ASTInterpreter.java:74) ~[jruby-complete-1.7.9.jar:na]
	at org.jruby.internal.runtime.methods.InterpretedMethod.call(InterpretedMethod.java:139) ~[jruby-complete-1.7.9.jar:na]
	at org.jruby.internal.runtime.methods.DefaultMethod.call(DefaultMethod.java:182) ~[jruby-complete-1.7.9.jar:na]
	at org.jruby.runtime.callsite.CachingCallSite.cacheAndCall(CachingCallSite.java:306) ~[jruby-complete-1.7.9.jar:na]
	at org.jruby.runtime.callsite.CachingCallSite.call(CachingCallSite.java:136) ~[jruby-complete-1.7.9.jar:na]
	at org.jruby.ast.CallNoArgNode.interpret(CallNoArgNode.java:60) ~[jruby-complete-1.7.9.jar:na]
	at org.jruby.ast.CallOneArgNode.interpret(CallOneArgNode.java:57) ~[jruby-complete-1.7.9.jar:na]
	at org.jruby.ast.NewlineNode.interpret(NewlineNode.java:105) ~[jruby-complete-1.7.9.jar:na]
	at org.jruby.ast.BlockNode.interpret(BlockNode.java:71) ~[jruby-complete-1.7.9.jar:na]
	at org.jruby.evaluator.ASTInterpreter.INTERPRET_METHOD(ASTInterpreter.java:74) ~[jruby-complete-1.7.9.jar:na]
	at org.jruby.internal.runtime.methods.InterpretedMethod.call(InterpretedMethod.java:139) ~[jruby-complete-1.7.9.jar:na]
	at org.jruby.internal.runtime.methods.DefaultMethod.call(DefaultMethod.java:182) ~[jruby-complete-1.7.9.jar:na]
	at org.jruby.runtime.callsite.CachingCallSite.cacheAndCall(CachingCallSite.java:306) ~[jruby-complete-1.7.9.jar:na]
	at org.jruby.runtime.callsite.CachingCallSite.call(CachingCallSite.java:136) ~[jruby-complete-1.7.9.jar:na]
	at org.jruby.ast.CallNoArgNode.interpret(CallNoArgNode.java:60) ~[jruby-complete-1.7.9.jar:na]
	at org.jruby.ast.AttrAssignOneArgNode.interpret(AttrAssignOneArgNode.java:33) ~[jruby-complete-1.7.9.jar:na]
	at org.jruby.ast.NewlineNode.interpret(NewlineNode.java:105) ~[jruby-complete-1.7.9.jar:na]
	at org.jruby.ast.BlockNode.interpret(BlockNode.java:71) ~[jruby-complete-1.7.9.jar:na]
	at org.jruby.ast.IfNode.interpret(IfNode.java:116) ~[jruby-complete-1.7.9.jar:na]
	at org.jruby.ast.NewlineNode.interpret(NewlineNode.java:105) ~[jruby-complete-1.7.9.jar:na]
	at org.jruby.evaluator.ASTInterpreter.INTERPRET_METHOD(ASTInterpreter.java:74) ~[jruby-complete-1.7.9.jar:na]
	at org.jruby.internal.runtime.methods.InterpretedMethod.call(InterpretedMethod.java:139) ~[jruby-complete-1.7.9.jar:na]
	at org.jruby.internal.runtime.methods.DefaultMethod.call(DefaultMethod.java:182) ~[jruby-complete-1.7.9.jar:na]
	at org.jruby.runtime.callsite.CachingCallSite.cacheAndCall(CachingCallSite.java:306) ~[jruby-complete-1.7.9.jar:na]
	at org.jruby.runtime.callsite.CachingCallSite.call(CachingCallSite.java:136) ~[jruby-complete-1.7.9.jar:na]
	at org.jruby.ast.VCallNode.interpret(VCallNode.java:88) ~[jruby-complete-1.7.9.jar:na]
	at org.jruby.ast.NewlineNode.interpret(NewlineNode.java:105) ~[jruby-complete-1.7.9.jar:na]
	at org.jruby.ast.BlockNode.interpret(BlockNode.java:71) ~[jruby-complete-1.7.9.jar:na]
	at org.jruby.evaluator.ASTInterpreter.INTERPRET_METHOD(ASTInterpreter.java:74) ~[jruby-complete-1.7.9.jar:na]
	at org.jruby.internal.runtime.methods.InterpretedMethod.call(InterpretedMethod.java:161) ~[jruby-complete-1.7.9.jar:na]
	at org.jruby.internal.runtime.methods.DefaultMethod.call(DefaultMethod.java:190) ~[jruby-complete-1.7.9.jar:na]
	at org.jruby.RubyClass.finvoke(RubyClass.java:527) ~[jruby-complete-1.7.9.jar:na]
	at org.jruby.RubyBasicObject.send(RubyBasicObject.java:2590) ~[jruby-complete-1.7.9.jar:na]
	at org.jruby.RubyKernel.send(RubyKernel.java:2223) ~[jruby-complete-1.7.9.jar:na]
	at org.jruby.RubyKernel$INVOKER$s$send.call(RubyKernel$INVOKER$s$send.gen) ~[jruby-complete-1.7.9.jar:na]
	at org.jruby.internal.runtime.methods.JavaMethod$JavaMethodOneOrNBlock.call(JavaMethod.java:350) ~[jruby-complete-1.7.9.jar:na]
	at org.jruby.runtime.callsite.CachingCallSite.cacheAndCall(CachingCallSite.java:326) ~[jruby-complete-1.7.9.jar:na]
	at org.jruby.runtime.callsite.CachingCallSite.call(CachingCallSite.java:170) ~[jruby-complete-1.7.9.jar:na]
	at org.jruby.ast.CallOneArgNode.interpret(CallOneArgNode.java:57) ~[jruby-complete-1.7.9.jar:na]
	at org.jruby.ast.NewlineNode.interpret(NewlineNode.java:105) ~[jruby-complete-1.7.9.jar:na]
	at org.jruby.ast.BlockNode.interpret(BlockNode.java:71) ~[jruby-complete-1.7.9.jar:na]
	at org.jruby.evaluator.ASTInterpreter.INTERPRET_METHOD(ASTInterpreter.java:74) ~[jruby-complete-1.7.9.jar:na]
	at org.jruby.internal.runtime.methods.InterpretedMethod.call(InterpretedMethod.java:161) ~[jruby-complete-1.7.9.jar:na]
	at org.jruby.internal.runtime.methods.DefaultMethod.call(DefaultMethod.java:190) ~[jruby-complete-1.7.9.jar:na]
	at org.jruby.runtime.callsite.CachingCallSite.cacheAndCall(CachingCallSite.java:316) ~[jruby-complete-1.7.9.jar:na]
	at org.jruby.runtime.callsite.CachingCallSite.callBlock(CachingCallSite.java:145) ~[jruby-complete-1.7.9.jar:na]
	at org.jruby.runtime.callsite.CachingCallSite.callIter(CachingCallSite.java:154) ~[jruby-complete-1.7.9.jar:na]
	at org.jruby.ast.CallNoArgBlockNode.interpret(CallNoArgBlockNode.java:64) ~[jruby-complete-1.7.9.jar:na]
	at org.jruby.ast.NewlineNode.interpret(NewlineNode.java:105) ~[jruby-complete-1.7.9.jar:na]
	at org.jruby.ast.BlockNode.interpret(BlockNode.java:71) ~[jruby-complete-1.7.9.jar:na]
	at org.jruby.ast.RootNode.interpret(RootNode.java:129) ~[jruby-complete-1.7.9.jar:na]
	at org.jruby.evaluator.ASTInterpreter.INTERPRET_ROOT(ASTInterpreter.java:121) ~[jruby-complete-1.7.9.jar:na]
	at org.jruby.Ruby.runInterpreter(Ruby.java:838) ~[jruby-complete-1.7.9.jar:na]
	at org.jruby.Ruby.loadFile(Ruby.java:2727) ~[jruby-complete-1.7.9.jar:na]
	at org.jruby.runtime.load.ExternalScript.load(ExternalScript.java:66) ~[jruby-complete-1.7.9.jar:na]
	at org.jruby.runtime.load.LoadService.load(LoadService.java:359) ~[jruby-complete-1.7.9.jar:na]
	at org.jruby.RubyKernel.loadCommon(RubyKernel.java:1107) ~[jruby-complete-1.7.9.jar:na]
	at org.jruby.RubyKernel.load(RubyKernel.java:1094) ~[jruby-complete-1.7.9.jar:na]
	at org.jruby.RubyKernel$INVOKER$s$0$1$load.call(RubyKernel$INVOKER$s$0$1$load.gen) ~[jruby-complete-1.7.9.jar:na]
	at org.jruby.internal.runtime.methods.DynamicMethod.call(DynamicMethod.java:210) ~[jruby-complete-1.7.9.jar:na]
	at org.jruby.internal.runtime.methods.DynamicMethod.call(DynamicMethod.java:206) ~[jruby-complete-1.7.9.jar:na]
	at org.jruby.runtime.callsite.CachingCallSite.cacheAndCall(CachingCallSite.java:326) ~[jruby-complete-1.7.9.jar:na]
	at org.jruby.runtime.callsite.CachingCallSite.call(CachingCallSite.java:170) ~[jruby-complete-1.7.9.jar:na]
	at org.jruby.ast.FCallOneArgNode.interpret(FCallOneArgNode.java:36) ~[jruby-complete-1.7.9.jar:na]
	at org.jruby.ast.NewlineNode.interpret(NewlineNode.java:105) ~[jruby-complete-1.7.9.jar:na]
	at org.jruby.ast.BlockNode.interpret(BlockNode.java:71) ~[jruby-complete-1.7.9.jar:na]
	at org.jruby.evaluator.ASTInterpreter.INTERPRET_METHOD(ASTInterpreter.java:74) ~[jruby-complete-1.7.9.jar:na]
	at org.jruby.internal.runtime.methods.InterpretedMethod.call(InterpretedMethod.java:139) ~[jruby-complete-1.7.9.jar:na]
	at org.jruby.internal.runtime.methods.DefaultMethod.call(DefaultMethod.java:182) ~[jruby-complete-1.7.9.jar:na]
	at org.jruby.runtime.callsite.CachingCallSite.cacheAndCall(CachingCallSite.java:306) ~[jruby-complete-1.7.9.jar:na]
	at org.jruby.runtime.callsite.CachingCallSite.call(CachingCallSite.java:136) ~[jruby-complete-1.7.9.jar:na]
	at org.jruby.ast.CallNoArgNode.interpret(CallNoArgNode.java:60) ~[jruby-complete-1.7.9.jar:na]
	at org.jruby.ast.NewlineNode.interpret(NewlineNode.java:105) ~[jruby-complete-1.7.9.jar:na]
	at org.jruby.evaluator.ASTInterpreter.INTERPRET_METHOD(ASTInterpreter.java:74) ~[jruby-complete-1.7.9.jar:na]
	at org.jruby.internal.runtime.methods.InterpretedMethod.call(InterpretedMethod.java:139) ~[jruby-complete-1.7.9.jar:na]
	at org.jruby.internal.runtime.methods.DefaultMethod.call(DefaultMethod.java:182) ~[jruby-complete-1.7.9.jar:na]
	at org.jruby.runtime.callsite.CachingCallSite.cacheAndCall(CachingCallSite.java:306) ~[jruby-complete-1.7.9.jar:na]
	at org.jruby.runtime.callsite.CachingCallSite.call(CachingCallSite.java:136) ~[jruby-complete-1.7.9.jar:na]
	at org.jruby.ast.CallNoArgNode.interpret(CallNoArgNode.java:60) ~[jruby-complete-1.7.9.jar:na]
	at org.jruby.ast.NewlineNode.interpret(NewlineNode.java:105) ~[jruby-complete-1.7.9.jar:na]
	at org.jruby.ast.RootNode.interpret(RootNode.java:129) ~[jruby-complete-1.7.9.jar:na]
	at org.jruby.evaluator.ASTInterpreter.INTERPRET_ROOT(ASTInterpreter.java:121) ~[jruby-complete-1.7.9.jar:na]
	at org.jruby.Ruby.evalScriptlet(Ruby.java:419) ~[jruby-complete-1.7.9.jar:na]
	at org.jruby.Ruby.evalScriptlet(Ruby.java:396) ~[jruby-complete-1.7.9.jar:na]
	at org.jruby.rack.rails.RailsRackApplicationFactory.createApplicationObject(RailsRackApplicationFactory.java:22) ~[jruby-rack-1.1.13.2.jar:na]
	at org.jruby.rack.DefaultRackApplicationFactory$1.create(DefaultRackApplicationFactory.java:98) ~[jruby-rack-1.1.13.2.jar:na]
	at org.jruby.rack.DefaultRackApplicationFactory$RackApplicationImpl.init(DefaultRackApplicationFactory.java:420) ~[jruby-rack-1.1.13.2.jar:na]
	at org.jruby.rack.DefaultRackApplicationFactory.getApplication(DefaultRackApplicationFactory.java:111) ~[jruby-rack-1.1.13.2.jar:na]
	at org.jruby.rack.SharedRackApplicationFactory.doInit(SharedRackApplicationFactory.java:31) ~[jruby-rack-1.1.13.2.jar:na]
	at org.jruby.rack.RackApplicationFactoryDecorator.init(RackApplicationFactoryDecorator.java:94) ~[jruby-rack-1.1.13.2.jar:na]
	... 10 common frames omitted
2015.11.24 16:51:49 ERROR web[o.a.c.c.StandardContext] Error listenerStart
2015.11.24 16:51:49 ERROR web[o.a.c.c.StandardContext] Context [] startup failed due to previous errors
2015.11.24 16:51:49 WARN  web[o.a.c.l.WebappClassLoaderBase] The web application [ROOT] appears to have started a thread named [Abandoned connection cleanup thread] but has failed to stop it. This is very likely to create a memory leak. Stack trace of thread:
 java.lang.Object.wait(Native Method)
 java.lang.ref.ReferenceQueue.remove(ReferenceQueue.java:143)
 com.mysql.jdbc.AbandonedConnectionCleanupThread.run(AbandonedConnectionCleanupThread.java:43)
2015.11.24 16:51:49 WARN  web[o.a.c.l.WebappClassLoaderBase] The web application [ROOT] appears to have started a thread named [Timer-0] but has failed to stop it. This is very likely to create a memory leak. Stack trace of thread:
 java.lang.Object.wait(Native Method)
 java.util.TimerThread.mainLoop(Timer.java:552)
 java.util.TimerThread.run(Timer.java:505)
2015.11.24 16:51:49 WARN  web[o.a.c.l.WebappClassLoaderBase] The web application [ROOT] appears to have started a thread named [JRubyJIT-1] but has failed to stop it. This is very likely to create a memory leak. Stack trace of thread:
 sun.misc.Unsafe.park(Native Method)
 java.util.concurrent.locks.LockSupport.park(LockSupport.java:175)
 java.util.concurrent.locks.AbstractQueuedSynchronizer$ConditionObject.await(AbstractQueuedSynchronizer.java:2039)
 java.util.concurrent.LinkedBlockingQueue.take(LinkedBlockingQueue.java:442)
 java.util.concurrent.ThreadPoolExecutor.getTask(ThreadPoolExecutor.java:1067)
 java.util.concurrent.ThreadPoolExecutor.runWorker(ThreadPoolExecutor.java:1127)
 java.util.concurrent.ThreadPoolExecutor$Worker.run(ThreadPoolExecutor.java:617)
 java.lang.Thread.run(Thread.java:745)
2015.11.24 16:51:49 WARN  web[o.a.c.l.WebappClassLoaderBase] The web application [ROOT] appears to have started a thread named [JRubyJIT-2] but has failed to stop it. This is very likely to create a memory leak. Stack trace of thread:
 sun.misc.Unsafe.park(Native Method)
 java.util.concurrent.locks.LockSupport.park(LockSupport.java:175)
 java.util.concurrent.locks.AbstractQueuedSynchronizer$ConditionObject.await(AbstractQueuedSynchronizer.java:2039)
 java.util.concurrent.LinkedBlockingQueue.take(LinkedBlockingQueue.java:442)
 java.util.concurrent.ThreadPoolExecutor.getTask(ThreadPoolExecutor.java:1067)
 java.util.concurrent.ThreadPoolExecutor.runWorker(ThreadPoolExecutor.java:1127)
 java.util.concurrent.ThreadPoolExecutor$Worker.run(ThreadPoolExecutor.java:617)
 java.lang.Thread.run(Thread.java:745)
2015.11.24 16:51:49 INFO  web[o.a.c.h.Http11NioProtocol] Starting ProtocolHandler ["http-nio-0.0.0.0-9000"]
2015.11.24 16:51:49 INFO  web[o.s.s.a.TomcatAccessLog] Web server is started
2015.11.24 16:51:49 INFO  web[o.s.s.a.EmbeddedTomcat] HTTP connector enabled on port 9000
2015.11.24 16:51:49 WARN  web[o.s.p.ProcessEntryPoint] Fail to start web
java.lang.IllegalStateException: Webapp did not start
	at org.sonar.server.app.EmbeddedTomcat.isReady(EmbeddedTomcat.java:84) ~[sonar-server-5.1.jar:na]
	at org.sonar.server.app.WebServer.isReady(WebServer.java:45) [sonar-server-5.1.jar:na]
	at org.sonar.process.ProcessEntryPoint.launch(ProcessEntryPoint.java:80) ~[sonar-process-5.1.jar:na]
	at org.sonar.server.app.WebServer.main(WebServer.java:66) [sonar-server-5.1.jar:na]
2015.11.24 16:51:49 INFO  web[o.a.c.h.Http11NioProtocol] Pausing ProtocolHandler ["http-nio-0.0.0.0-9000"]
2015.11.24 16:51:50 INFO  web[o.a.c.h.Http11NioProtocol] Stopping ProtocolHandler ["http-nio-0.0.0.0-9000"]
2015.11.24 16:51:50 INFO  web[o.a.c.h.Http11NioProtocol] Destroying ProtocolHandler ["http-nio-0.0.0.0-9000"]
2015.11.24 16:51:50 INFO  web[o.s.s.a.TomcatAccessLog] Web server is stopped
2015.11.24 16:51:51 INFO   es[o.s.p.StopWatcher]  Stopping process
2015.11.24 16:51:51 INFO   es[o.elasticsearch.node]  [sonar-1448383895189] stopping ...
2015.11.24 16:51:51 INFO   es[o.elasticsearch.node]  [sonar-1448383895189] stopped
2015.11.24 16:51:51 INFO   es[o.elasticsearch.node]  [sonar-1448383895189] closing ...
2015.11.24 16:51:51 INFO   es[o.elasticsearch.node]  [sonar-1448383895189] closed
2015.11.24 17:37:51 INFO   es[o.s.p.ProcessEntryPoint]  Starting search
2015.11.24 17:37:51 INFO   es[o.s.s.SearchServer]  Starting Elasticsearch[sonarqube] on port 9001
2015.11.24 17:37:51 INFO   es[o.elasticsearch.node]  [sonar-1448386671009] version[1.4.4], pid[17], build[c88f77f/2015-02-19T13:05:36Z]
2015.11.24 17:37:51 INFO   es[o.elasticsearch.node]  [sonar-1448386671009] initializing ...
2015.11.24 17:37:51 INFO   es[o.e.plugins]  [sonar-1448386671009] loaded [], sites []
2015.11.24 17:37:53 INFO   es[o.elasticsearch.node]  [sonar-1448386671009] initialized
2015.11.24 17:37:53 INFO   es[o.elasticsearch.node]  [sonar-1448386671009] starting ...
2015.11.24 17:37:53 INFO   es[o.e.transport]  [sonar-1448386671009] bound_address {inet[/0.0.0.0:9001]}, publish_address {inet[/172.17.0.7:9001]}
2015.11.24 17:37:53 INFO   es[o.e.discovery]  [sonar-1448386671009] sonarqube/_dkbD9GAQ72mVt4rQQYbJQ
2015.11.24 17:37:56 INFO   es[o.e.cluster.service]  [sonar-1448386671009] new_master [sonar-1448386671009][_dkbD9GAQ72mVt4rQQYbJQ][5f8d7ad62383][inet[/172.17.0.7:9001]]{rack_id=sonar-1448386671009}, reason: zen-disco-join (elected_as_master)
2015.11.24 17:37:56 INFO   es[o.elasticsearch.node]  [sonar-1448386671009] started
2015.11.24 17:37:56 INFO   es[o.e.gateway]  [sonar-1448386671009] recovered [0] indices into cluster_state
OpenJDK 64-Bit Server VM warning: ignoring option MaxPermSize=160m; support was removed in 8.0
2015.11.24 17:37:57 INFO  web[o.s.p.ProcessEntryPoint] Starting web
2015.11.24 17:37:58 INFO  web[o.s.s.app.Webapp] Webapp directory: /opt/sonarqube/web
2015.11.24 17:37:58 INFO  web[o.a.c.h.Http11NioProtocol] Initializing ProtocolHandler ["http-nio-0.0.0.0-9000"]
2015.11.24 17:37:58 INFO  web[o.a.t.u.n.NioSelectorPool] Using a shared selector for servlet write/read
2015.11.24 17:37:59 INFO  web[o.e.plugins] [sonar-1448386671009] loaded [], sites []
2015.11.24 17:37:59 INFO  web[o.s.s.p.ServerImpl] SonarQube Server / 5.1 / 4aa9af3a6a4362b61db365fba32eb0a55d411e7a
2015.11.24 17:37:59 INFO  web[o.s.c.p.Database] Create JDBC datasource for jdbc:mysql://localhost:9092/sonar?useUnicode=true&characterEncoding=utf8&rewriteBatchedStatements=true
2015.11.24 17:38:00 ERROR web[o.a.c.c.C.[.[.[/sonar]] Exception sending context initialized event to listener instance of class org.sonar.server.platform.PlatformServletContextListener
java.lang.IllegalStateException: Can not connect to database. Please check connectivity and settings (see the properties prefixed by 'sonar.jdbc.').
	at org.sonar.core.persistence.DefaultDatabase.checkConnection(DefaultDatabase.java:117) ~[sonar-core-5.1.jar:na]
	at org.sonar.core.persistence.DefaultDatabase.start(DefaultDatabase.java:73) ~[sonar-core-5.1.jar:na]
	at sun.reflect.NativeMethodAccessorImpl.invoke0(Native Method) ~[na:1.8.0_45-internal]
	at sun.reflect.NativeMethodAccessorImpl.invoke(NativeMethodAccessorImpl.java:62) ~[na:1.8.0_45-internal]
	at sun.reflect.DelegatingMethodAccessorImpl.invoke(DelegatingMethodAccessorImpl.java:43) ~[na:1.8.0_45-internal]
	at java.lang.reflect.Method.invoke(Method.java:497) ~[na:1.8.0_45-internal]
	at org.picocontainer.lifecycle.ReflectionLifecycleStrategy.invokeMethod(ReflectionLifecycleStrategy.java:110) ~[picocontainer-2.14.3.jar:na]
	at org.picocontainer.lifecycle.ReflectionLifecycleStrategy.start(ReflectionLifecycleStrategy.java:89) ~[picocontainer-2.14.3.jar:na]
	at org.picocontainer.injectors.AbstractInjectionFactory$LifecycleAdapter.start(AbstractInjectionFactory.java:84) ~[picocontainer-2.14.3.jar:na]
	at org.picocontainer.behaviors.AbstractBehavior.start(AbstractBehavior.java:169) ~[picocontainer-2.14.3.jar:na]
	at org.picocontainer.behaviors.Stored$RealComponentLifecycle.start(Stored.java:132) ~[picocontainer-2.14.3.jar:na]
	at org.picocontainer.behaviors.Stored.start(Stored.java:110) ~[picocontainer-2.14.3.jar:na]
	at org.picocontainer.DefaultPicoContainer.potentiallyStartAdapter(DefaultPicoContainer.java:1015) ~[picocontainer-2.14.3.jar:na]
	at org.picocontainer.DefaultPicoContainer.startAdapters(DefaultPicoContainer.java:1008) ~[picocontainer-2.14.3.jar:na]
	at org.picocontainer.DefaultPicoContainer.start(DefaultPicoContainer.java:766) ~[picocontainer-2.14.3.jar:na]
	at org.sonar.api.platform.ComponentContainer.startComponents(ComponentContainer.java:91) ~[sonar-plugin-api-5.1.jar:na]
	at org.sonar.server.platform.Platform.startLevel1Container(Platform.java:96) ~[sonar-server-5.1.jar:na]
	at org.sonar.server.platform.Platform.init(Platform.java:72) ~[sonar-server-5.1.jar:na]
	at org.sonar.server.platform.PlatformServletContextListener.contextInitialized(PlatformServletContextListener.java:43) ~[sonar-server-5.1.jar:na]
	at org.apache.catalina.core.StandardContext.listenerStart(StandardContext.java:4720) [tomcat-embed-core-8.0.18.jar:8.0.18]
	at org.apache.catalina.core.StandardContext.startInternal(StandardContext.java:5154) [tomcat-embed-core-8.0.18.jar:8.0.18]
	at org.apache.catalina.util.LifecycleBase.start(LifecycleBase.java:150) [tomcat-embed-core-8.0.18.jar:8.0.18]
	at org.apache.catalina.core.ContainerBase$StartChild.call(ContainerBase.java:1409) [tomcat-embed-core-8.0.18.jar:8.0.18]
	at org.apache.catalina.core.ContainerBase$StartChild.call(ContainerBase.java:1399) [tomcat-embed-core-8.0.18.jar:8.0.18]
	at java.util.concurrent.FutureTask.run(FutureTask.java:266) [na:1.8.0_45-internal]
	at java.util.concurrent.ThreadPoolExecutor.runWorker(ThreadPoolExecutor.java:1142) [na:1.8.0_45-internal]
	at java.util.concurrent.ThreadPoolExecutor$Worker.run(ThreadPoolExecutor.java:617) [na:1.8.0_45-internal]
	at java.lang.Thread.run(Thread.java:745) [na:1.8.0_45-internal]
Caused by: org.apache.commons.dbcp.SQLNestedException: Cannot create PoolableConnectionFactory (Communications link failure

The last packet sent successfully to the server was 0 milliseconds ago. The driver has not received any packets from the server.)
	at org.apache.commons.dbcp.BasicDataSource.createPoolableConnectionFactory(BasicDataSource.java:1549) ~[commons-dbcp-1.4.jar:1.4]
	at org.apache.commons.dbcp.BasicDataSource.createDataSource(BasicDataSource.java:1388) ~[commons-dbcp-1.4.jar:1.4]
	at org.apache.commons.dbcp.BasicDataSource.getConnection(BasicDataSource.java:1044) ~[commons-dbcp-1.4.jar:1.4]
	at org.sonar.core.persistence.DefaultDatabase.checkConnection(DefaultDatabase.java:115) ~[sonar-core-5.1.jar:na]
	... 27 common frames omitted
Caused by: com.mysql.jdbc.exceptions.jdbc4.CommunicationsException: Communications link failure

The last packet sent successfully to the server was 0 milliseconds ago. The driver has not received any packets from the server.
	at sun.reflect.NativeConstructorAccessorImpl.newInstance0(Native Method) ~[na:1.8.0_45-internal]
	at sun.reflect.NativeConstructorAccessorImpl.newInstance(NativeConstructorAccessorImpl.java:62) ~[na:1.8.0_45-internal]
	at sun.reflect.DelegatingConstructorAccessorImpl.newInstance(DelegatingConstructorAccessorImpl.java:45) ~[na:1.8.0_45-internal]
	at java.lang.reflect.Constructor.newInstance(Constructor.java:422) ~[na:1.8.0_45-internal]
	at com.mysql.jdbc.Util.handleNewInstance(Util.java:377) ~[mysql-connector-java-5.1.34.jar:5.1.34]
	at com.mysql.jdbc.SQLError.createCommunicationsException(SQLError.java:1036) ~[mysql-connector-java-5.1.34.jar:5.1.34]
	at com.mysql.jdbc.MysqlIO.<init>(MysqlIO.java:338) ~[mysql-connector-java-5.1.34.jar:5.1.34]
	at com.mysql.jdbc.ConnectionImpl.coreConnect(ConnectionImpl.java:2232) ~[mysql-connector-java-5.1.34.jar:5.1.34]
	at com.mysql.jdbc.ConnectionImpl.connectOneTryOnly(ConnectionImpl.java:2265) ~[mysql-connector-java-5.1.34.jar:5.1.34]
	at com.mysql.jdbc.ConnectionImpl.createNewIO(ConnectionImpl.java:2064) ~[mysql-connector-java-5.1.34.jar:5.1.34]
	at com.mysql.jdbc.ConnectionImpl.<init>(ConnectionImpl.java:790) ~[mysql-connector-java-5.1.34.jar:5.1.34]
	at com.mysql.jdbc.JDBC4Connection.<init>(JDBC4Connection.java:44) ~[mysql-connector-java-5.1.34.jar:5.1.34]
	at sun.reflect.NativeConstructorAccessorImpl.newInstance0(Native Method) ~[na:1.8.0_45-internal]
	at sun.reflect.NativeConstructorAccessorImpl.newInstance(NativeConstructorAccessorImpl.java:62) ~[na:1.8.0_45-internal]
	at sun.reflect.DelegatingConstructorAccessorImpl.newInstance(DelegatingConstructorAccessorImpl.java:45) ~[na:1.8.0_45-internal]
	at java.lang.reflect.Constructor.newInstance(Constructor.java:422) ~[na:1.8.0_45-internal]
	at com.mysql.jdbc.Util.handleNewInstance(Util.java:377) ~[mysql-connector-java-5.1.34.jar:5.1.34]
	at com.mysql.jdbc.ConnectionImpl.getInstance(ConnectionImpl.java:395) ~[mysql-connector-java-5.1.34.jar:5.1.34]
	at com.mysql.jdbc.NonRegisteringDriver.connect(NonRegisteringDriver.java:325) ~[mysql-connector-java-5.1.34.jar:5.1.34]
	at org.apache.commons.dbcp.DriverConnectionFactory.createConnection(DriverConnectionFactory.java:38) ~[commons-dbcp-1.4.jar:1.4]
	at org.apache.commons.dbcp.PoolableConnectionFactory.makeObject(PoolableConnectionFactory.java:582) ~[commons-dbcp-1.4.jar:1.4]
	at org.apache.commons.dbcp.BasicDataSource.validateConnectionFactory(BasicDataSource.java:1556) ~[commons-dbcp-1.4.jar:1.4]
	at org.apache.commons.dbcp.BasicDataSource.createPoolableConnectionFactory(BasicDataSource.java:1545) ~[commons-dbcp-1.4.jar:1.4]
	... 30 common frames omitted
Caused by: java.net.ConnectException: Connection refused
	at java.net.PlainSocketImpl.socketConnect(Native Method) ~[na:1.8.0_45-internal]
	at java.net.AbstractPlainSocketImpl.doConnect(AbstractPlainSocketImpl.java:345) ~[na:1.8.0_45-internal]
	at java.net.AbstractPlainSocketImpl.connectToAddress(AbstractPlainSocketImpl.java:206) ~[na:1.8.0_45-internal]
	at java.net.AbstractPlainSocketImpl.connect(AbstractPlainSocketImpl.java:188) ~[na:1.8.0_45-internal]
	at java.net.SocksSocketImpl.connect(SocksSocketImpl.java:392) ~[na:1.8.0_45-internal]
	at java.net.Socket.connect(Socket.java:589) ~[na:1.8.0_45-internal]
	at com.mysql.jdbc.StandardSocketFactory.connect(StandardSocketFactory.java:213) ~[mysql-connector-java-5.1.34.jar:5.1.34]
	at com.mysql.jdbc.MysqlIO.<init>(MysqlIO.java:297) ~[mysql-connector-java-5.1.34.jar:5.1.34]
	... 46 common frames omitted
2015.11.24 17:38:00 INFO  web[jruby.rack] jruby 1.7.9 (ruby-1.8.7p370) 2013-12-06 87b108a on OpenJDK 64-Bit Server VM 1.8.0_45-internal-b14 [linux-amd64]
2015.11.24 17:38:00 INFO  web[jruby.rack] using a shared (threadsafe!) runtime
2015.11.24 17:38:05 ERROR web[jruby.rack] initialization failed
org.jruby.rack.RackInitializationException: java.lang.NullPointerException
	at org.jruby.rack.RackInitializationException.wrap(RackInitializationException.java:31) ~[jruby-rack-1.1.13.2.jar:na]
	at org.jruby.rack.RackApplicationFactoryDecorator.init(RackApplicationFactoryDecorator.java:98) ~[jruby-rack-1.1.13.2.jar:na]
	at org.jruby.rack.RackServletContextListener.contextInitialized(RackServletContextListener.java:50) ~[jruby-rack-1.1.13.2.jar:na]
	at org.apache.catalina.core.StandardContext.listenerStart(StandardContext.java:4720) [tomcat-embed-core-8.0.18.jar:8.0.18]
	at org.apache.catalina.core.StandardContext.startInternal(StandardContext.java:5154) [tomcat-embed-core-8.0.18.jar:8.0.18]
	at org.apache.catalina.util.LifecycleBase.start(LifecycleBase.java:150) [tomcat-embed-core-8.0.18.jar:8.0.18]
	at org.apache.catalina.core.ContainerBase$StartChild.call(ContainerBase.java:1409) [tomcat-embed-core-8.0.18.jar:8.0.18]
	at org.apache.catalina.core.ContainerBase$StartChild.call(ContainerBase.java:1399) [tomcat-embed-core-8.0.18.jar:8.0.18]
	at java.util.concurrent.FutureTask.run(FutureTask.java:266) [na:1.8.0_45-internal]
	at java.util.concurrent.ThreadPoolExecutor.runWorker(ThreadPoolExecutor.java:1142) [na:1.8.0_45-internal]
	at java.util.concurrent.ThreadPoolExecutor$Worker.run(ThreadPoolExecutor.java:617) [na:1.8.0_45-internal]
	at java.lang.Thread.run(Thread.java:745) [na:1.8.0_45-internal]
Caused by: java.lang.NullPointerException: null
	at org.sonar.server.ui.JRubyFacade.get(JRubyFacade.java:77) ~[sonar-server-5.1.jar:na]
	at org.sonar.server.ui.JRubyFacade.getDatabase(JRubyFacade.java:209) ~[sonar-server-5.1.jar:na]
	at sun.reflect.NativeMethodAccessorImpl.invoke0(Native Method) ~[na:1.8.0_45-internal]
	at sun.reflect.NativeMethodAccessorImpl.invoke(NativeMethodAccessorImpl.java:62) ~[na:1.8.0_45-internal]
	at sun.reflect.DelegatingMethodAccessorImpl.invoke(DelegatingMethodAccessorImpl.java:43) ~[na:1.8.0_45-internal]
	at java.lang.reflect.Method.invoke(Method.java:497) ~[na:1.8.0_45-internal]
	at org.jruby.javasupport.JavaMethod.invokeDirectWithExceptionHandling(JavaMethod.java:440) ~[jruby-complete-1.7.9.jar:na]
	at org.jruby.javasupport.JavaMethod.invokeDirect(JavaMethod.java:304) ~[jruby-complete-1.7.9.jar:na]
	at org.jruby.java.invokers.InstanceMethodInvoker.call(InstanceMethodInvoker.java:52) ~[jruby-complete-1.7.9.jar:na]
	at org.jruby.runtime.callsite.CachingCallSite.cacheAndCall(CachingCallSite.java:306) ~[jruby-complete-1.7.9.jar:na]
	at org.jruby.runtime.callsite.CachingCallSite.call(CachingCallSite.java:136) ~[jruby-complete-1.7.9.jar:na]
	at org.jruby.ast.CallNoArgNode.interpret(CallNoArgNode.java:60) ~[jruby-complete-1.7.9.jar:na]
	at org.jruby.ast.CallNoArgNode.interpret(CallNoArgNode.java:60) ~[jruby-complete-1.7.9.jar:na]
	at org.jruby.ast.CallNoArgNode.interpret(CallNoArgNode.java:60) ~[jruby-complete-1.7.9.jar:na]
	at org.jruby.ast.NewlineNode.interpret(NewlineNode.java:105) ~[jruby-complete-1.7.9.jar:na]
	at org.jruby.ast.CallNoArgNode.interpret(CallNoArgNode.java:60) ~[jruby-complete-1.7.9.jar:na]
	at org.jruby.ast.CallOneArgNode.interpret(CallOneArgNode.java:57) ~[jruby-complete-1.7.9.jar:na]
	at org.jruby.ast.NewlineNode.interpret(NewlineNode.java:105) ~[jruby-complete-1.7.9.jar:na]
	at org.jruby.ast.BlockNode.interpret(BlockNode.java:71) ~[jruby-complete-1.7.9.jar:na]
	at org.jruby.ast.RootNode.interpret(RootNode.java:129) ~[jruby-complete-1.7.9.jar:na]
	at org.jruby.evaluator.ASTInterpreter.INTERPRET_EVAL(ASTInterpreter.java:95) ~[jruby-complete-1.7.9.jar:na]
	at org.jruby.evaluator.ASTInterpreter.evalWithBinding(ASTInterpreter.java:184) ~[jruby-complete-1.7.9.jar:na]
	at org.jruby.RubyKernel.evalCommon(RubyKernel.java:1156) ~[jruby-complete-1.7.9.jar:na]
	at org.jruby.RubyKernel.eval(RubyKernel.java:1114) ~[jruby-complete-1.7.9.jar:na]
	at org.jruby.RubyKernel$INVOKER$s$0$3$eval.call(RubyKernel$INVOKER$s$0$3$eval.gen) ~[jruby-complete-1.7.9.jar:na]
	at org.jruby.internal.runtime.methods.DynamicMethod.call(DynamicMethod.java:180) ~[jruby-complete-1.7.9.jar:na]
	at org.jruby.runtime.callsite.CachingCallSite.cacheAndCall(CachingCallSite.java:296) ~[jruby-complete-1.7.9.jar:na]
	at org.jruby.runtime.callsite.CachingCallSite.call(CachingCallSite.java:72) ~[jruby-complete-1.7.9.jar:na]
	at org.jruby.ast.FCallManyArgsNode.interpret(FCallManyArgsNode.java:60) ~[jruby-complete-1.7.9.jar:na]
	at org.jruby.ast.NewlineNode.interpret(NewlineNode.java:105) ~[jruby-complete-1.7.9.jar:na]
	at org.jruby.ast.IfNode.interpret(IfNode.java:118) ~[jruby-complete-1.7.9.jar:na]
	at org.jruby.ast.NewlineNode.interpret(NewlineNode.java:105) ~[jruby-complete-1.7.9.jar:na]
	at org.jruby.evaluator.ASTInterpreter.INTERPRET_METHOD(ASTInterpreter.java:74) ~[jruby-complete-1.7.9.jar:na]
	at org.jruby.internal.runtime.methods.InterpretedMethod.call(InterpretedMethod.java:139) ~[jruby-complete-1.7.9.jar:na]
	at org.jruby.internal.runtime.methods.DefaultMethod.call(DefaultMethod.java:182) ~[jruby-complete-1.7.9.jar:na]
	at org.jruby.runtime.callsite.CachingCallSite.cacheAndCall(CachingCallSite.java:306) ~[jruby-complete-1.7.9.jar:na]
	at org.jruby.runtime.callsite.CachingCallSite.call(CachingCallSite.java:136) ~[jruby-complete-1.7.9.jar:na]
	at org.jruby.ast.CallNoArgNode.interpret(CallNoArgNode.java:60) ~[jruby-complete-1.7.9.jar:na]
	at org.jruby.ast.CallOneArgNode.interpret(CallOneArgNode.java:57) ~[jruby-complete-1.7.9.jar:na]
	at org.jruby.ast.NewlineNode.interpret(NewlineNode.java:105) ~[jruby-complete-1.7.9.jar:na]
	at org.jruby.ast.BlockNode.interpret(BlockNode.java:71) ~[jruby-complete-1.7.9.jar:na]
	at org.jruby.evaluator.ASTInterpreter.INTERPRET_METHOD(ASTInterpreter.java:74) ~[jruby-complete-1.7.9.jar:na]
	at org.jruby.internal.runtime.methods.InterpretedMethod.call(InterpretedMethod.java:139) ~[jruby-complete-1.7.9.jar:na]
	at org.jruby.internal.runtime.methods.DefaultMethod.call(DefaultMethod.java:182) ~[jruby-complete-1.7.9.jar:na]
	at org.jruby.runtime.callsite.CachingCallSite.cacheAndCall(CachingCallSite.java:306) ~[jruby-complete-1.7.9.jar:na]
	at org.jruby.runtime.callsite.CachingCallSite.call(CachingCallSite.java:136) ~[jruby-complete-1.7.9.jar:na]
	at org.jruby.ast.CallNoArgNode.interpret(CallNoArgNode.java:60) ~[jruby-complete-1.7.9.jar:na]
	at org.jruby.ast.AttrAssignOneArgNode.interpret(AttrAssignOneArgNode.java:33) ~[jruby-complete-1.7.9.jar:na]
	at org.jruby.ast.NewlineNode.interpret(NewlineNode.java:105) ~[jruby-complete-1.7.9.jar:na]
	at org.jruby.ast.BlockNode.interpret(BlockNode.java:71) ~[jruby-complete-1.7.9.jar:na]
	at org.jruby.ast.IfNode.interpret(IfNode.java:116) ~[jruby-complete-1.7.9.jar:na]
	at org.jruby.ast.NewlineNode.interpret(NewlineNode.java:105) ~[jruby-complete-1.7.9.jar:na]
	at org.jruby.evaluator.ASTInterpreter.INTERPRET_METHOD(ASTInterpreter.java:74) ~[jruby-complete-1.7.9.jar:na]
	at org.jruby.internal.runtime.methods.InterpretedMethod.call(InterpretedMethod.java:139) ~[jruby-complete-1.7.9.jar:na]
	at org.jruby.internal.runtime.methods.DefaultMethod.call(DefaultMethod.java:182) ~[jruby-complete-1.7.9.jar:na]
	at org.jruby.runtime.callsite.CachingCallSite.cacheAndCall(CachingCallSite.java:306) ~[jruby-complete-1.7.9.jar:na]
	at org.jruby.runtime.callsite.CachingCallSite.call(CachingCallSite.java:136) ~[jruby-complete-1.7.9.jar:na]
	at org.jruby.ast.VCallNode.interpret(VCallNode.java:88) ~[jruby-complete-1.7.9.jar:na]
	at org.jruby.ast.NewlineNode.interpret(NewlineNode.java:105) ~[jruby-complete-1.7.9.jar:na]
	at org.jruby.ast.BlockNode.interpret(BlockNode.java:71) ~[jruby-complete-1.7.9.jar:na]
	at org.jruby.evaluator.ASTInterpreter.INTERPRET_METHOD(ASTInterpreter.java:74) ~[jruby-complete-1.7.9.jar:na]
	at org.jruby.internal.runtime.methods.InterpretedMethod.call(InterpretedMethod.java:161) ~[jruby-complete-1.7.9.jar:na]
	at org.jruby.internal.runtime.methods.DefaultMethod.call(DefaultMethod.java:190) ~[jruby-complete-1.7.9.jar:na]
	at org.jruby.RubyClass.finvoke(RubyClass.java:527) ~[jruby-complete-1.7.9.jar:na]
	at org.jruby.RubyBasicObject.send(RubyBasicObject.java:2590) ~[jruby-complete-1.7.9.jar:na]
	at org.jruby.RubyKernel.send(RubyKernel.java:2223) ~[jruby-complete-1.7.9.jar:na]
	at org.jruby.RubyKernel$INVOKER$s$send.call(RubyKernel$INVOKER$s$send.gen) ~[jruby-complete-1.7.9.jar:na]
	at org.jruby.internal.runtime.methods.JavaMethod$JavaMethodOneOrNBlock.call(JavaMethod.java:350) ~[jruby-complete-1.7.9.jar:na]
	at org.jruby.runtime.callsite.CachingCallSite.cacheAndCall(CachingCallSite.java:326) ~[jruby-complete-1.7.9.jar:na]
	at org.jruby.runtime.callsite.CachingCallSite.call(CachingCallSite.java:170) ~[jruby-complete-1.7.9.jar:na]
	at org.jruby.ast.CallOneArgNode.interpret(CallOneArgNode.java:57) ~[jruby-complete-1.7.9.jar:na]
	at org.jruby.ast.NewlineNode.interpret(NewlineNode.java:105) ~[jruby-complete-1.7.9.jar:na]
	at org.jruby.ast.BlockNode.interpret(BlockNode.java:71) ~[jruby-complete-1.7.9.jar:na]
	at org.jruby.evaluator.ASTInterpreter.INTERPRET_METHOD(ASTInterpreter.java:74) ~[jruby-complete-1.7.9.jar:na]
	at org.jruby.internal.runtime.methods.InterpretedMethod.call(InterpretedMethod.java:161) ~[jruby-complete-1.7.9.jar:na]
	at org.jruby.internal.runtime.methods.DefaultMethod.call(DefaultMethod.java:190) ~[jruby-complete-1.7.9.jar:na]
	at org.jruby.runtime.callsite.CachingCallSite.cacheAndCall(CachingCallSite.java:316) ~[jruby-complete-1.7.9.jar:na]
	at org.jruby.runtime.callsite.CachingCallSite.callBlock(CachingCallSite.java:145) ~[jruby-complete-1.7.9.jar:na]
	at org.jruby.runtime.callsite.CachingCallSite.callIter(CachingCallSite.java:154) ~[jruby-complete-1.7.9.jar:na]
	at org.jruby.ast.CallNoArgBlockNode.interpret(CallNoArgBlockNode.java:64) ~[jruby-complete-1.7.9.jar:na]
	at org.jruby.ast.NewlineNode.interpret(NewlineNode.java:105) ~[jruby-complete-1.7.9.jar:na]
	at org.jruby.ast.BlockNode.interpret(BlockNode.java:71) ~[jruby-complete-1.7.9.jar:na]
	at org.jruby.ast.RootNode.interpret(RootNode.java:129) ~[jruby-complete-1.7.9.jar:na]
	at org.jruby.evaluator.ASTInterpreter.INTERPRET_ROOT(ASTInterpreter.java:121) ~[jruby-complete-1.7.9.jar:na]
	at org.jruby.Ruby.runInterpreter(Ruby.java:838) ~[jruby-complete-1.7.9.jar:na]
	at org.jruby.Ruby.loadFile(Ruby.java:2727) ~[jruby-complete-1.7.9.jar:na]
	at org.jruby.runtime.load.ExternalScript.load(ExternalScript.java:66) ~[jruby-complete-1.7.9.jar:na]
	at org.jruby.runtime.load.LoadService.load(LoadService.java:359) ~[jruby-complete-1.7.9.jar:na]
	at org.jruby.RubyKernel.loadCommon(RubyKernel.java:1107) ~[jruby-complete-1.7.9.jar:na]
	at org.jruby.RubyKernel.load(RubyKernel.java:1094) ~[jruby-complete-1.7.9.jar:na]
	at org.jruby.RubyKernel$INVOKER$s$0$1$load.call(RubyKernel$INVOKER$s$0$1$load.gen) ~[jruby-complete-1.7.9.jar:na]
	at org.jruby.internal.runtime.methods.DynamicMethod.call(DynamicMethod.java:210) ~[jruby-complete-1.7.9.jar:na]
	at org.jruby.internal.runtime.methods.DynamicMethod.call(DynamicMethod.java:206) ~[jruby-complete-1.7.9.jar:na]
	at org.jruby.runtime.callsite.CachingCallSite.cacheAndCall(CachingCallSite.java:326) ~[jruby-complete-1.7.9.jar:na]
	at org.jruby.runtime.callsite.CachingCallSite.call(CachingCallSite.java:170) ~[jruby-complete-1.7.9.jar:na]
	at org.jruby.ast.FCallOneArgNode.interpret(FCallOneArgNode.java:36) ~[jruby-complete-1.7.9.jar:na]
	at org.jruby.ast.NewlineNode.interpret(NewlineNode.java:105) ~[jruby-complete-1.7.9.jar:na]
	at org.jruby.ast.BlockNode.interpret(BlockNode.java:71) ~[jruby-complete-1.7.9.jar:na]
	at org.jruby.evaluator.ASTInterpreter.INTERPRET_METHOD(ASTInterpreter.java:74) ~[jruby-complete-1.7.9.jar:na]
	at org.jruby.internal.runtime.methods.InterpretedMethod.call(InterpretedMethod.java:139) ~[jruby-complete-1.7.9.jar:na]
	at org.jruby.internal.runtime.methods.DefaultMethod.call(DefaultMethod.java:182) ~[jruby-complete-1.7.9.jar:na]
	at org.jruby.runtime.callsite.CachingCallSite.cacheAndCall(CachingCallSite.java:306) ~[jruby-complete-1.7.9.jar:na]
	at org.jruby.runtime.callsite.CachingCallSite.call(CachingCallSite.java:136) ~[jruby-complete-1.7.9.jar:na]
	at org.jruby.ast.CallNoArgNode.interpret(CallNoArgNode.java:60) ~[jruby-complete-1.7.9.jar:na]
	at org.jruby.ast.NewlineNode.interpret(NewlineNode.java:105) ~[jruby-complete-1.7.9.jar:na]
	at org.jruby.evaluator.ASTInterpreter.INTERPRET_METHOD(ASTInterpreter.java:74) ~[jruby-complete-1.7.9.jar:na]
	at org.jruby.internal.runtime.methods.InterpretedMethod.call(InterpretedMethod.java:139) ~[jruby-complete-1.7.9.jar:na]
	at org.jruby.internal.runtime.methods.DefaultMethod.call(DefaultMethod.java:182) ~[jruby-complete-1.7.9.jar:na]
	at org.jruby.runtime.callsite.CachingCallSite.cacheAndCall(CachingCallSite.java:306) ~[jruby-complete-1.7.9.jar:na]
	at org.jruby.runtime.callsite.CachingCallSite.call(CachingCallSite.java:136) ~[jruby-complete-1.7.9.jar:na]
	at org.jruby.ast.CallNoArgNode.interpret(CallNoArgNode.java:60) ~[jruby-complete-1.7.9.jar:na]
	at org.jruby.ast.NewlineNode.interpret(NewlineNode.java:105) ~[jruby-complete-1.7.9.jar:na]
	at org.jruby.ast.RootNode.interpret(RootNode.java:129) ~[jruby-complete-1.7.9.jar:na]
	at org.jruby.evaluator.ASTInterpreter.INTERPRET_ROOT(ASTInterpreter.java:121) ~[jruby-complete-1.7.9.jar:na]
	at org.jruby.Ruby.evalScriptlet(Ruby.java:419) ~[jruby-complete-1.7.9.jar:na]
	at org.jruby.Ruby.evalScriptlet(Ruby.java:396) ~[jruby-complete-1.7.9.jar:na]
	at org.jruby.rack.rails.RailsRackApplicationFactory.createApplicationObject(RailsRackApplicationFactory.java:22) ~[jruby-rack-1.1.13.2.jar:na]
	at org.jruby.rack.DefaultRackApplicationFactory$1.create(DefaultRackApplicationFactory.java:98) ~[jruby-rack-1.1.13.2.jar:na]
	at org.jruby.rack.DefaultRackApplicationFactory$RackApplicationImpl.init(DefaultRackApplicationFactory.java:420) ~[jruby-rack-1.1.13.2.jar:na]
	at org.jruby.rack.DefaultRackApplicationFactory.getApplication(DefaultRackApplicationFactory.java:111) ~[jruby-rack-1.1.13.2.jar:na]
	at org.jruby.rack.SharedRackApplicationFactory.doInit(SharedRackApplicationFactory.java:31) ~[jruby-rack-1.1.13.2.jar:na]
	at org.jruby.rack.RackApplicationFactoryDecorator.init(RackApplicationFactoryDecorator.java:94) ~[jruby-rack-1.1.13.2.jar:na]
	... 10 common frames omitted
2015.11.24 17:38:05 ERROR web[o.a.c.c.StandardContext] Error listenerStart
2015.11.24 17:38:05 ERROR web[o.a.c.c.StandardContext] Context [/sonar] startup failed due to previous errors
2015.11.24 17:38:05 WARN  web[o.a.c.l.WebappClassLoaderBase] The web application [sonar] appears to have started a thread named [Abandoned connection cleanup thread] but has failed to stop it. This is very likely to create a memory leak. Stack trace of thread:
 java.lang.Object.wait(Native Method)
 java.lang.ref.ReferenceQueue.remove(ReferenceQueue.java:143)
 com.mysql.jdbc.AbandonedConnectionCleanupThread.run(AbandonedConnectionCleanupThread.java:43)
2015.11.24 17:38:05 WARN  web[o.a.c.l.WebappClassLoaderBase] The web application [sonar] appears to have started a thread named [Timer-0] but has failed to stop it. This is very likely to create a memory leak. Stack trace of thread:
 java.lang.Object.wait(Native Method)
 java.util.TimerThread.mainLoop(Timer.java:552)
 java.util.TimerThread.run(Timer.java:505)
2015.11.24 17:38:05 WARN  web[o.a.c.l.WebappClassLoaderBase] The web application [sonar] appears to have started a thread named [JRubyJIT-1] but has failed to stop it. This is very likely to create a memory leak. Stack trace of thread:
 sun.misc.Unsafe.park(Native Method)
 java.util.concurrent.locks.LockSupport.park(LockSupport.java:175)
 java.util.concurrent.locks.AbstractQueuedSynchronizer$ConditionObject.await(AbstractQueuedSynchronizer.java:2039)
 java.util.concurrent.LinkedBlockingQueue.take(LinkedBlockingQueue.java:442)
 java.util.concurrent.ThreadPoolExecutor.getTask(ThreadPoolExecutor.java:1067)
 java.util.concurrent.ThreadPoolExecutor.runWorker(ThreadPoolExecutor.java:1127)
 java.util.concurrent.ThreadPoolExecutor$Worker.run(ThreadPoolExecutor.java:617)
 java.lang.Thread.run(Thread.java:745)
2015.11.24 17:38:05 WARN  web[o.a.c.l.WebappClassLoaderBase] The web application [sonar] appears to have started a thread named [JRubyJIT-2] but has failed to stop it. This is very likely to create a memory leak. Stack trace of thread:
 sun.misc.Unsafe.park(Native Method)
 java.util.concurrent.locks.LockSupport.park(LockSupport.java:175)
 java.util.concurrent.locks.AbstractQueuedSynchronizer$ConditionObject.await(AbstractQueuedSynchronizer.java:2039)
 java.util.concurrent.LinkedBlockingQueue.take(LinkedBlockingQueue.java:442)
 java.util.concurrent.ThreadPoolExecutor.getTask(ThreadPoolExecutor.java:1067)
 java.util.concurrent.ThreadPoolExecutor.runWorker(ThreadPoolExecutor.java:1127)
 java.util.concurrent.ThreadPoolExecutor$Worker.run(ThreadPoolExecutor.java:617)
 java.lang.Thread.run(Thread.java:745)
2015.11.24 17:38:05 INFO  web[o.a.c.h.Http11NioProtocol] Starting ProtocolHandler ["http-nio-0.0.0.0-9000"]
2015.11.24 17:38:05 INFO  web[o.s.s.a.TomcatAccessLog] Web server is started
2015.11.24 17:38:05 INFO  web[o.s.s.a.EmbeddedTomcat] HTTP connector enabled on port 9000
2015.11.24 17:38:05 WARN  web[o.s.p.ProcessEntryPoint] Fail to start web
java.lang.IllegalStateException: Webapp did not start
	at org.sonar.server.app.EmbeddedTomcat.isReady(EmbeddedTomcat.java:84) ~[sonar-server-5.1.jar:na]
	at org.sonar.server.app.WebServer.isReady(WebServer.java:45) [sonar-server-5.1.jar:na]
	at org.sonar.process.ProcessEntryPoint.launch(ProcessEntryPoint.java:80) ~[sonar-process-5.1.jar:na]
	at org.sonar.server.app.WebServer.main(WebServer.java:66) [sonar-server-5.1.jar:na]
2015.11.24 17:38:05 INFO  web[o.a.c.h.Http11NioProtocol] Pausing ProtocolHandler ["http-nio-0.0.0.0-9000"]
2015.11.24 17:38:06 INFO  web[o.a.c.h.Http11NioProtocol] Stopping ProtocolHandler ["http-nio-0.0.0.0-9000"]
2015.11.24 17:38:06 INFO  web[o.a.c.h.Http11NioProtocol] Destroying ProtocolHandler ["http-nio-0.0.0.0-9000"]
2015.11.24 17:38:06 INFO  web[o.s.s.a.TomcatAccessLog] Web server is stopped
2015.11.24 17:38:07 INFO   es[o.s.p.StopWatcher]  Stopping process
2015.11.24 17:38:07 INFO   es[o.elasticsearch.node]  [sonar-1448386671009] stopping ...
2015.11.24 17:38:07 INFO   es[o.elasticsearch.node]  [sonar-1448386671009] stopped
2015.11.24 17:38:07 INFO   es[o.elasticsearch.node]  [sonar-1448386671009] closing ...
2015.11.24 17:38:07 INFO   es[o.elasticsearch.node]  [sonar-1448386671009] closed
2015.11.24 18:05:56 INFO   es[o.s.p.ProcessEntryPoint]  Starting search
2015.11.24 18:05:56 INFO   es[o.s.s.SearchServer]  Starting Elasticsearch[sonarqube] on port 9001
2015.11.24 18:05:56 INFO   es[o.elasticsearch.node]  [sonar-1448388355867] version[1.4.4], pid[17], build[c88f77f/2015-02-19T13:05:36Z]
2015.11.24 18:05:56 INFO   es[o.elasticsearch.node]  [sonar-1448388355867] initializing ...
2015.11.24 18:05:56 INFO   es[o.e.plugins]  [sonar-1448388355867] loaded [], sites []
2015.11.24 18:05:58 INFO   es[o.elasticsearch.node]  [sonar-1448388355867] initialized
2015.11.24 18:05:58 INFO   es[o.elasticsearch.node]  [sonar-1448388355867] starting ...
2015.11.24 18:05:58 INFO   es[o.e.transport]  [sonar-1448388355867] bound_address {inet[/0.0.0.0:9001]}, publish_address {inet[/172.17.0.7:9001]}
2015.11.24 18:05:58 INFO   es[o.e.discovery]  [sonar-1448388355867] sonarqube/0EUGqpiiSImT6hw1M7yLOA
2015.11.24 18:06:01 INFO   es[o.e.cluster.service]  [sonar-1448388355867] new_master [sonar-1448388355867][0EUGqpiiSImT6hw1M7yLOA][94a7772cd621][inet[/172.17.0.7:9001]]{rack_id=sonar-1448388355867}, reason: zen-disco-join (elected_as_master)
2015.11.24 18:06:01 INFO   es[o.elasticsearch.node]  [sonar-1448388355867] started
2015.11.24 18:06:01 INFO   es[o.e.gateway]  [sonar-1448388355867] recovered [0] indices into cluster_state
OpenJDK 64-Bit Server VM warning: ignoring option MaxPermSize=160m; support was removed in 8.0
2015.11.24 18:06:02 INFO  web[o.s.p.ProcessEntryPoint] Starting web
2015.11.24 18:06:02 INFO  web[o.s.s.app.Webapp] Webapp directory: /opt/sonarqube/web
2015.11.24 18:06:03 INFO  web[o.a.c.h.Http11NioProtocol] Initializing ProtocolHandler ["http-nio-0.0.0.0-9000"]
2015.11.24 18:06:03 INFO  web[o.a.t.u.n.NioSelectorPool] Using a shared selector for servlet write/read
2015.11.24 18:06:03 INFO  web[o.e.plugins] [sonar-1448388355867] loaded [], sites []
2015.11.24 18:06:04 INFO  web[o.s.s.p.ServerImpl] SonarQube Server / 5.1 / 4aa9af3a6a4362b61db365fba32eb0a55d411e7a
2015.11.24 18:06:04 INFO  web[o.s.s.d.EmbeddedDatabase] Starting embedded database on port 9092 with url jdbc:h2:tcp://localhost:9092/sonar
2015.11.24 18:06:04 INFO  web[o.s.s.d.EmbeddedDatabase] Embedded database started. Data stored in: /opt/sonarqube/data
2015.11.24 18:06:04 INFO  web[o.s.c.p.Database] Create JDBC datasource for jdbc:h2:tcp://localhost:9092/sonar
2015.11.24 18:06:04 WARN  web[o.s.s.d.DatabaseChecker] H2 database should be used for evaluation purpose only
2015.11.24 18:06:05 INFO  web[o.s.s.p.DefaultServerFileSystem] SonarQube home: /opt/sonarqube
2015.11.24 18:06:06 INFO   es[o.e.cluster.metadata]  [sonar-1448388355867] [rules] creating index, cause [api], shards [1]/[0], mappings []
2015.11.24 18:06:06 INFO   es[o.e.cluster.metadata]  [sonar-1448388355867] [rules] create_mapping [rule]
2015.11.24 18:06:06 INFO   es[o.e.cluster.metadata]  [sonar-1448388355867] [rules] create_mapping [activeRule]
2015.11.24 18:06:06 INFO  web[o.s.s.p.ServerPluginJarsInstaller] Install plugins
2015.11.24 18:06:06 INFO  web[o.s.s.p.ServerPluginJarsInstaller] Deploy plugin Core / 5.1 / 4aa9af3a6a4362b61db365fba32eb0a55d411e7a
2015.11.24 18:06:06 INFO  web[o.s.s.p.ServerPluginJarsInstaller] Deploy plugin Email notifications / 5.1 / 4aa9af3a6a4362b61db365fba32eb0a55d411e7a
2015.11.24 18:06:07 INFO  web[o.s.s.p.ServerPluginJarsInstaller] Deploy plugin Java / 3.0 / 65396a609ddface8b311a6a665aca92a7da694f1
2015.11.24 18:06:07 INFO  web[o.s.s.p.ServerPluginJarsInstaller] Deploy plugin Git / 1.0 / 9ce9d330c313c296fab051317cc5ad4b26319e07
2015.11.24 18:06:07 INFO  web[o.s.s.p.ServerPluginJarsInstaller] Deploy plugin English Pack / 5.1 / 4aa9af3a6a4362b61db365fba32eb0a55d411e7a
2015.11.24 18:06:07 INFO  web[o.s.s.p.ServerPluginJarsInstaller] Deploy plugin SVN / 1.0 / 213fc8a8b582ff530b12dd4a59a6512be1071234
2015.11.24 18:06:07 INFO  web[o.s.s.d.m.DatabaseMigrator] Create database
2015.11.24 18:06:07 INFO  web[o.s.s.p.RailsAppsDeployer] Deploy Ruby on Rails applications
2015.11.24 18:06:07 INFO  web[o.s.j.s.AbstractDatabaseConnector] Initializing Hibernate
2015.11.24 18:06:08 INFO  web[o.s.s.p.UpdateCenterClient] Update center: http://update.sonarsource.org/update-center.properties (no proxy)
2015.11.24 18:06:09 INFO  web[o.s.s.e.IndexCreator] Create index sourcelines
2015.11.24 18:06:09 INFO   es[o.e.cluster.metadata]  [sonar-1448388355867] [sourcelines] creating index, cause [api], shards [1]/[0], mappings []
2015.11.24 18:06:09 INFO  web[o.s.s.e.IndexCreator] Create type sourcelines/sourceline
2015.11.24 18:06:09 INFO   es[o.e.cluster.metadata]  [sonar-1448388355867] [sourcelines] create_mapping [sourceline]
2015.11.24 18:06:09 INFO  web[o.s.s.e.IndexCreator] Create index activities
2015.11.24 18:06:09 INFO   es[o.e.cluster.metadata]  [sonar-1448388355867] [activities] creating index, cause [api], shards [1]/[0], mappings []
2015.11.24 18:06:09 INFO  web[o.s.s.e.IndexCreator] Create type activities/activity
2015.11.24 18:06:09 INFO   es[o.e.cluster.metadata]  [sonar-1448388355867] [activities] create_mapping [activity]
2015.11.24 18:06:09 INFO  web[o.s.s.e.IndexCreator] Create index issues
2015.11.24 18:06:09 INFO   es[o.e.cluster.metadata]  [sonar-1448388355867] [issues] creating index, cause [api], shards [1]/[0], mappings []
2015.11.24 18:06:09 INFO  web[o.s.s.e.IndexCreator] Create type issues/authorization
2015.11.24 18:06:09 INFO   es[o.e.cluster.metadata]  [sonar-1448388355867] [issues] create_mapping [authorization]
2015.11.24 18:06:09 INFO  web[o.s.s.e.IndexCreator] Create type issues/issue
2015.11.24 18:06:09 INFO   es[o.e.cluster.metadata]  [sonar-1448388355867] [issues] create_mapping [issue]
2015.11.24 18:06:09 INFO  web[o.s.s.e.IndexCreator] Create index users
2015.11.24 18:06:09 INFO   es[o.e.cluster.metadata]  [sonar-1448388355867] [users] creating index, cause [api], shards [1]/[0], mappings []
2015.11.24 18:06:10 INFO  web[o.s.s.e.IndexCreator] Create type users/user
2015.11.24 18:06:10 INFO   es[o.e.cluster.metadata]  [sonar-1448388355867] [users] create_mapping [user]
2015.11.24 18:06:10 INFO  web[o.s.s.e.IndexCreator] Create index views
2015.11.24 18:06:10 INFO   es[o.e.cluster.metadata]  [sonar-1448388355867] [views] creating index, cause [api], shards [1]/[0], mappings []
2015.11.24 18:06:10 INFO  web[o.s.s.e.IndexCreator] Create type views/view
2015.11.24 18:06:10 INFO   es[o.e.cluster.metadata]  [sonar-1448388355867] [views] create_mapping [view]
2015.11.24 18:06:10 INFO  web[o.s.s.n.NotificationService] Notification service started (delay 60 sec.)
2015.11.24 18:06:10 INFO  web[o.s.s.s.IndexSynchronizer] Index rules
2015.11.24 18:06:10 INFO  web[o.s.s.s.IndexSynchronizer] Index activeRules
2015.11.24 18:06:10 INFO  web[o.s.s.s.RegisterMetrics] Register metrics
2015.11.24 18:06:11 INFO  web[o.s.s.s.RegisterMetrics] Cleaning quality gate conditions
2015.11.24 18:06:11 INFO  web[o.s.s.s.RegisterDebtModel] Register technical debt model
2015.11.24 18:06:11 INFO  web[o.s.s.r.RegisterRules] Register rules
2015.11.24 18:06:15 INFO  web[o.s.s.q.RegisterQualityProfiles] Register quality profiles
2015.11.24 18:06:16 INFO  web[o.s.s.q.RegisterQualityProfiles] Register profile {lang=java, name=Sonar way}
2015.11.24 18:06:17 INFO  web[o.s.s.q.RegisterQualityProfiles] Set default java profile: Sonar way
2015.11.24 18:06:17 INFO  web[o.s.s.s.RegisterNewMeasureFilters] Register measure filters
2015.11.24 18:06:17 INFO  web[o.s.s.s.RegisterNewMeasureFilters] Register measure filter: Projects
2015.11.24 18:06:17 INFO  web[o.s.s.s.RegisterNewMeasureFilters] Register measure filter: My favourites
2015.11.24 18:06:17 INFO  web[o.s.s.s.RegisterDashboards] Register dashboards
2015.11.24 18:06:17 INFO  web[o.s.s.s.RegisterDashboards] Register dashboard: Dashboard
2015.11.24 18:06:17 INFO  web[o.s.s.s.RegisterDashboards] Register dashboard: Home
2015.11.24 18:06:17 INFO  web[o.s.s.s.RegisterDashboards] Register dashboard: Issues
2015.11.24 18:06:17 INFO  web[o.s.s.s.RegisterDashboards] Register dashboard: TimeMachine
2015.11.24 18:06:17 INFO  web[o.s.s.s.RegisterPermissionTemplates] Register permission templates
2015.11.24 18:06:17 INFO  web[o.s.s.s.RegisterPermissionTemplates] Set default permission template: default_template
2015.11.24 18:06:17 INFO  web[o.s.s.s.RenameDeprecatedPropertyKeys] Rename deprecated property keys
2015.11.24 18:06:17 INFO  web[o.s.s.s.CopyRequirementsFromCharacteristicsToRules] Copying requirement from characteristics to rules
2015.11.24 18:06:17 INFO  web[o.s.s.s.CopyRequirementsFromCharacteristicsToRules] No requirement need to be copied
2015.11.24 18:06:17 INFO  web[o.s.s.s.CopyRequirementsFromCharacteristicsToRules] Deleting requirements from characteristics
2015.11.24 18:06:17 INFO  web[o.s.s.s.IndexSynchronizer] Index activities
2015.11.24 18:06:18 INFO   es[o.e.cluster.metadata]  [sonar-1448388355867] [activities] update_mapping [activity] (dynamic)
2015.11.24 18:06:18 INFO  web[o.s.s.s.IndexSynchronizer] Index issues
2015.11.24 18:06:18 INFO  web[o.s.s.s.IndexSynchronizer] Index source lines
2015.11.24 18:06:18 INFO  web[o.s.s.s.IndexSynchronizer] Index users
2015.11.24 18:06:18 INFO  web[o.s.s.s.IndexSynchronizer] Index views
2015.11.24 18:06:18 INFO  web[jruby.rack] jruby 1.7.9 (ruby-1.8.7p370) 2013-12-06 87b108a on OpenJDK 64-Bit Server VM 1.8.0_45-internal-b14 [linux-amd64]
2015.11.24 18:06:18 INFO  web[jruby.rack] using a shared (threadsafe!) runtime
2015.11.24 18:06:27 INFO  web[jruby.rack] keeping custom (config.logger) Rails logger instance
2015.11.24 18:06:27 INFO  web[o.a.c.h.Http11NioProtocol] Starting ProtocolHandler ["http-nio-0.0.0.0-9000"]
2015.11.24 18:06:27 INFO  web[o.s.s.a.TomcatAccessLog] Web server is started
2015.11.24 18:06:27 INFO  web[o.s.s.a.EmbeddedTomcat] HTTP connector enabled on port 9000
